Using pre-set license
Built from '2022.3/release' branch; Version is '2022.3.12f1 (4fe6e059c7ef) revision 5236448'; Using compiler version '192829333'; Build Type 'Release'
OS: 'Windows 10  (10.0.19043) 64bit Professional' Language: 'ru' Physical Memory: 16314 MB
BatchMode: 1, IsHumanControllingUs: 0, StartBugReporterOnCrash: 0, Is64bit: 1, IsPro: 1

COMMAND LINE ARGUMENTS:
D:\UnityProgramm\2022.3.12f1\Editor\Unity.exe
-adb2
-batchMode
-noUpm
-name
AssetImportWorker1
-projectPath
E:/nukio_games/HorrorProjectOct/HorrorHDRP
-logFile
Logs/AssetImportWorker1.log
-srvPort
51036
Successfully changed project path to: E:/nukio_games/HorrorProjectOct/HorrorHDRP
E:/nukio_games/HorrorProjectOct/HorrorHDRP
[UnityMemory] Configuration Parameters - Can be set up in boot.config
    "memorysetup-bucket-allocator-granularity=16"
    "memorysetup-bucket-allocator-bucket-count=8"
    "memorysetup-bucket-allocator-block-size=33554432"
    "memorysetup-bucket-allocator-block-count=8"
    "memorysetup-main-allocator-block-size=16777216"
    "memorysetup-thread-allocator-block-size=16777216"
    "memorysetup-gfx-main-allocator-block-size=16777216"
    "memorysetup-gfx-thread-allocator-block-size=16777216"
    "memorysetup-cache-allocator-block-size=4194304"
    "memorysetup-typetree-allocator-block-size=2097152"
    "memorysetup-profiler-bucket-allocator-granularity=16"
    "memorysetup-profiler-bucket-allocator-bucket-count=8"
    "memorysetup-profiler-bucket-allocator-block-size=33554432"
    "memorysetup-profiler-bucket-allocator-block-count=8"
    "memorysetup-profiler-allocator-block-size=16777216"
    "memorysetup-profiler-editor-allocator-block-size=1048576"
    "memorysetup-temp-allocator-size-main=16777216"
    "memorysetup-job-temp-allocator-block-size=2097152"
    "memorysetup-job-temp-allocator-block-size-background=1048576"
    "memorysetup-job-temp-allocator-reduction-small-platforms=262144"
    "memorysetup-allocator-temp-initial-block-size-main=262144"
    "memorysetup-allocator-temp-initial-block-size-worker=262144"
    "memorysetup-temp-allocator-size-background-worker=32768"
    "memorysetup-temp-allocator-size-job-worker=262144"
    "memorysetup-temp-allocator-size-preload-manager=33554432"
    "memorysetup-temp-allocator-size-nav-mesh-worker=65536"
    "memorysetup-temp-allocator-size-audio-worker=65536"
    "memorysetup-temp-allocator-size-cloud-worker=32768"
    "memorysetup-temp-allocator-size-gi-baking-worker=262144"
    "memorysetup-temp-allocator-size-gfx=262144"
Player connection [9760] Host "[IP] 192.168.0.7 [Port] 0 [Flags] 2 [Guid] 3567461862 [EditorId] 3567461862 [Version] 1048832 [Id] WindowsEditor(7,HOME-PC) [Debug] 1 [PackageName] WindowsEditor [ProjectName] Editor" joined multi-casting on [225.0.0.222:54997]...

Player connection [9760] Host "[IP] 192.168.0.7 [Port] 0 [Flags] 2 [Guid] 3567461862 [EditorId] 3567461862 [Version] 1048832 [Id] WindowsEditor(7,HOME-PC) [Debug] 1 [PackageName] WindowsEditor [ProjectName] Editor" joined alternative multi-casting on [225.0.0.222:34997]...

[Physics::Module] Initialized MultithreadedJobDispatcher with 11 workers.
Refreshing native plugins compatible for Editor in 18.22 ms, found 3 plugins.
Preloading 0 native plugins for Editor in 0.00 ms.
Initialize engine version: 2022.3.12f1 (4fe6e059c7ef)
[Subsystems] Discovering subsystems at path D:/UnityProgramm/2022.3.12f1/Editor/Data/Resources/UnitySubsystems
[Subsystems] Discovering subsystems at path E:/nukio_games/HorrorProjectOct/HorrorHDRP/Assets
GfxDevice: creating device client; threaded=0; jobified=0
Direct3D:
    Version:  Direct3D 11.0 [level 11.1]
    Renderer: NVIDIA GeForce GTX 1660 (ID=0x2184)
    Vendor:   NVIDIA
    VRAM:     5980 MB
    Driver:   31.0.15.3742
Initialize mono
Mono path[0] = 'D:/UnityProgramm/2022.3.12f1/Editor/Data/Managed'
Mono path[1] = 'D:/UnityProgramm/2022.3.12f1/Editor/Data/MonoBleedingEdge/lib/mono/unityjit-win32'
Mono config path = 'D:/UnityProgramm/2022.3.12f1/Editor/Data/MonoBleedingEdge/etc'
Using monoOptions --debugger-agent=transport=dt_socket,embedding=1,server=y,suspend=n,address=127.0.0.1:56352
Begin MonoManager ReloadAssembly
Registering precompiled unity dll's ...
Register platform support module: D:/UnityProgramm/2022.3.12f1/Editor/Data/PlaybackEngines/WebGLSupport/UnityEditor.WebGL.Extensions.dll
Register platform support module: D:/UnityProgramm/2022.3.12f1/Editor/Data/PlaybackEngines/AndroidPlayer/UnityEditor.Android.Extensions.dll
Register platform support module: D:/UnityProgramm/2022.3.12f1/Editor/Data/PlaybackEngines/WindowsStandaloneSupport/UnityEditor.WindowsStandalone.Extensions.dll
Registered in 0.011459 seconds.
- Loaded All Assemblies, in  0.653 seconds
Native extension for WindowsStandalone target not found
Native extension for Android target not found
Android Extension - Scanning For ADB Devices 360 ms
Native extension for WebGL target not found
Mono: successfully reloaded assembly
- Finished resetting the current domain, in  0.857 seconds
Domain Reload Profiling: 1510ms
	BeginReloadAssembly (177ms)
		ExecutionOrderSort (0ms)
		DisableScriptedObjects (0ms)
		BackupInstance (0ms)
		ReleaseScriptingObjects (0ms)
		CreateAndSetChildDomain (2ms)
	RebuildCommonClasses (63ms)
	RebuildNativeTypeToScriptingClass (21ms)
	initialDomainReloadingComplete (101ms)
	LoadAllAssembliesAndSetupDomain (290ms)
		LoadAssemblies (176ms)
		RebuildTransferFunctionScriptingTraits (0ms)
		AnalyzeDomain (285ms)
			TypeCache.Refresh (282ms)
				TypeCache.ScanAssembly (255ms)
			ScanForSourceGeneratedMonoScriptInfo (1ms)
			ResolveRequiredComponents (1ms)
	FinalizeReload (857ms)
		ReleaseScriptCaches (0ms)
		RebuildScriptCaches (0ms)
		SetupLoadedEditorAssemblies (755ms)
			LogAssemblyErrors (0ms)
			InitializePlatformSupportModulesInManaged (520ms)
			SetLoadedEditorAssemblies (6ms)
			RefreshPlugins (0ms)
			BeforeProcessingInitializeOnLoad (4ms)
			ProcessInitializeOnLoadAttributes (162ms)
			ProcessInitializeOnLoadMethodAttributes (63ms)
			AfterProcessingInitializeOnLoad (0ms)
			EditorAssembliesLoaded (0ms)
		ExecutionOrderSort2 (0ms)
		AwakeInstancesAfterBackupRestoration (0ms)
========================================================================
Worker process is ready to serve import requests
Begin MonoManager ReloadAssembly
- Loaded All Assemblies, in  1.728 seconds
Refreshing native plugins compatible for Editor in 5.50 ms, found 3 plugins.
Native extension for WindowsStandalone target not found
Native extension for Android target not found
Native extension for WebGL target not found
Package Manager log level set to [2]
[Package Manager] Server::EnsureServerProcessIsRunning -- launch failed, reason: Unity was launched with the -noUpm command-line argument
[Package Manager] UpmClient::Send -- Unable to send message (not connected to UPM process).
[Package Manager] Cannot connect to Unity Package Manager local server
Mono: successfully reloaded assembly
- Finished resetting the current domain, in  2.267 seconds
Domain Reload Profiling: 3994ms
	BeginReloadAssembly (343ms)
		ExecutionOrderSort (0ms)
		DisableScriptedObjects (25ms)
		BackupInstance (0ms)
		ReleaseScriptingObjects (0ms)
		CreateAndSetChildDomain (55ms)
	RebuildCommonClasses (86ms)
	RebuildNativeTypeToScriptingClass (27ms)
	initialDomainReloadingComplete (111ms)
	LoadAllAssembliesAndSetupDomain (1159ms)
		LoadAssemblies (674ms)
		RebuildTransferFunctionScriptingTraits (0ms)
		AnalyzeDomain (660ms)
			TypeCache.Refresh (568ms)
				TypeCache.ScanAssembly (531ms)
			ScanForSourceGeneratedMonoScriptInfo (62ms)
			ResolveRequiredComponents (27ms)
	FinalizeReload (2268ms)
		ReleaseScriptCaches (0ms)
		RebuildScriptCaches (0ms)
		SetupLoadedEditorAssemblies (1770ms)
			LogAssemblyErrors (0ms)
			InitializePlatformSupportModulesInManaged (54ms)
			SetLoadedEditorAssemblies (9ms)
			RefreshPlugins (0ms)
			BeforeProcessingInitializeOnLoad (164ms)
			ProcessInitializeOnLoadAttributes (991ms)
			ProcessInitializeOnLoadMethodAttributes (543ms)
			AfterProcessingInitializeOnLoad (8ms)
			EditorAssembliesLoaded (0ms)
		ExecutionOrderSort2 (0ms)
		AwakeInstancesAfterBackupRestoration (14ms)
Launched and connected shader compiler UnityShaderCompiler.exe after 0.07 seconds
Refreshing native plugins compatible for Editor in 5.52 ms, found 3 plugins.
Preloading 0 native plugins for Editor in 0.00 ms.
Unloading 6206 Unused Serialized files (Serialized files now loaded: 0)
Unloading 99 unused Assets / (3.6 MB). Loaded Objects now: 6673.
Memory consumption went from 290.3 MB to 286.8 MB.
Total: 13.502600 ms (FindLiveObjects: 1.062200 ms CreateObjectMapping: 1.031300 ms MarkObjects: 9.200300 ms  DeleteObjects: 2.205600 ms)

AssetImportParameters requested are different than current active one (requested -> active):
  custom:container-demuxer-ogg: 62fdf1f143b41e24485cea50d1cbac27 -> 
  custom:video-decoder-ogg-theora: a1e56fd34408186e4bbccfd4996cb3dc -> 
  custom:framework-win-MediaFoundation: 216162199b28c13a410421893ffa2e32 -> 
  custom:container-demuxer-webm: 4f35f7cbe854078d1ac9338744f61a02 -> 
  custom:container-muxer-webm: aa71ff27fc2769a1b78a27578f13a17b -> 
  custom:video-decoder-webm-vp8: 9c59270c3fd7afecdb556c50c9e8de78 -> 
  custom:SearchIndexIgnoredProperties: e643bd26f0fe6173181afceb89e7c659 -> 
  custom:AudioImporter_EditorPlatform: d09bf68614088b80899f8185d706f6e7 -> 
  custom:video-encoder-webm-vp8: eb34c28f22e8b96e1ab97ce403110664 -> 
  custom:audio-decoder-ogg-vorbis: bf7c407c2cedff20999df2af8eb42d56 -> 
  custom:audio-encoder-webm-vorbis: bf7c407c2cedff20999df2af8eb42d56 -> 
========================================================================
Received Prepare
Refreshing native plugins compatible for Editor in 4.94 ms, found 3 plugins.
Preloading 0 native plugins for Editor in 0.00 ms.
Unloading 22 Unused Serialized files (Serialized files now loaded: 0)
Unloading 22 unused Assets / (3.5 MB). Loaded Objects now: 6673.
Memory consumption went from 156.5 MB to 152.9 MB.
Total: 9.206600 ms (FindLiveObjects: 1.011300 ms CreateObjectMapping: 1.007200 ms MarkObjects: 5.377700 ms  DeleteObjects: 1.808100 ms)

Prepare: number of updated asset objects reloaded= 0
AssetImportParameters requested are different than current active one (requested -> active):
  custom:container-demuxer-ogg: 62fdf1f143b41e24485cea50d1cbac27 -> 
  custom:video-decoder-ogg-theora: a1e56fd34408186e4bbccfd4996cb3dc -> 
  custom:framework-win-MediaFoundation: 216162199b28c13a410421893ffa2e32 -> 
  custom:CustomObjectIndexerAttribute: 756ad292c208cfabdd7b50bc23989ffe -> 
  custom:container-demuxer-webm: 4f35f7cbe854078d1ac9338744f61a02 -> 
  custom:container-muxer-webm: aa71ff27fc2769a1b78a27578f13a17b -> 
  custom:video-decoder-webm-vp8: 9c59270c3fd7afecdb556c50c9e8de78 -> 
  custom:SearchIndexIgnoredProperties: e643bd26f0fe6173181afceb89e7c659 -> 
  custom:AudioImporter_EditorPlatform: d09bf68614088b80899f8185d706f6e7 -> 
  custom:video-encoder-webm-vp8: eb34c28f22e8b96e1ab97ce403110664 -> 
  custom:audio-decoder-ogg-vorbis: bf7c407c2cedff20999df2af8eb42d56 -> 
  custom:audio-encoder-webm-vorbis: bf7c407c2cedff20999df2af8eb42d56 -> 
========================================================================
Received Prepare
Begin MonoManager ReloadAssembly
- Loaded All Assemblies, in  1.031 seconds
Refreshing native plugins compatible for Editor in 4.40 ms, found 3 plugins.
Native extension for WindowsStandalone target not found
Native extension for Android target not found
Native extension for WebGL target not found
[Package Manager] Server::EnsureServerProcessIsRunning -- launch failed, reason: Unity was launched with the -noUpm command-line argument
[Package Manager] UpmClient::Send -- Unable to send message (not connected to UPM process).
[Package Manager] Cannot connect to Unity Package Manager local server
Mono: successfully reloaded assembly
- Finished resetting the current domain, in  2.282 seconds
Domain Reload Profiling: 3314ms
	BeginReloadAssembly (219ms)
		ExecutionOrderSort (0ms)
		DisableScriptedObjects (6ms)
		BackupInstance (0ms)
		ReleaseScriptingObjects (0ms)
		CreateAndSetChildDomain (50ms)
	RebuildCommonClasses (49ms)
	RebuildNativeTypeToScriptingClass (15ms)
	initialDomainReloadingComplete (41ms)
	LoadAllAssembliesAndSetupDomain (706ms)
		LoadAssemblies (489ms)
		RebuildTransferFunctionScriptingTraits (0ms)
		AnalyzeDomain (331ms)
			TypeCache.Refresh (266ms)
				TypeCache.ScanAssembly (243ms)
			ScanForSourceGeneratedMonoScriptInfo (38ms)
			ResolveRequiredComponents (25ms)
	FinalizeReload (2284ms)
		ReleaseScriptCaches (0ms)
		RebuildScriptCaches (0ms)
		SetupLoadedEditorAssemblies (821ms)
			LogAssemblyErrors (0ms)
			InitializePlatformSupportModulesInManaged (35ms)
			SetLoadedEditorAssemblies (6ms)
			RefreshPlugins (0ms)
			BeforeProcessingInitializeOnLoad (127ms)
			ProcessInitializeOnLoadAttributes (597ms)
			ProcessInitializeOnLoadMethodAttributes (51ms)
			AfterProcessingInitializeOnLoad (5ms)
			EditorAssembliesLoaded (0ms)
		ExecutionOrderSort2 (0ms)
		AwakeInstancesAfterBackupRestoration (124ms)
Refreshing native plugins compatible for Editor in 3.81 ms, found 3 plugins.
Preloading 0 native plugins for Editor in 0.00 ms.
Unloading 6456 Unused Serialized files (Serialized files now loaded: 0)
Unloading 80 unused Assets / (3.7 MB). Loaded Objects now: 7260.
Memory consumption went from 266.2 MB to 262.5 MB.
Total: 7.476500 ms (FindLiveObjects: 0.764700 ms CreateObjectMapping: 0.423800 ms MarkObjects: 4.753100 ms  DeleteObjects: 1.533200 ms)

Prepare: number of updated asset objects reloaded= 0
AssetImportParameters requested are different than current active one (requested -> active):
  custom:container-demuxer-ogg: 62fdf1f143b41e24485cea50d1cbac27 -> 
  custom:framework-win-MediaFoundation: 216162199b28c13a410421893ffa2e32 -> 
  custom:container-muxer-webm: aa71ff27fc2769a1b78a27578f13a17b -> 
  custom:video-decoder-webm-vp8: 9c59270c3fd7afecdb556c50c9e8de78 -> 
  custom:SearchIndexIgnoredProperties: e643bd26f0fe6173181afceb89e7c659 -> 
  custom:AudioImporter_EditorPlatform: d09bf68614088b80899f8185d706f6e7 -> 
  custom:audio-decoder-ogg-vorbis: bf7c407c2cedff20999df2af8eb42d56 -> 
  custom:audio-encoder-webm-vorbis: bf7c407c2cedff20999df2af8eb42d56 -> 
  custom:video-decoder-ogg-theora: a1e56fd34408186e4bbccfd4996cb3dc -> 
  custom:CustomObjectIndexerAttribute: 756ad292c208cfabdd7b50bc23989ffe -> 
  custom:container-demuxer-webm: 4f35f7cbe854078d1ac9338744f61a02 -> 
  custom:video-encoder-webm-vp8: eb34c28f22e8b96e1ab97ce403110664 -> 
========================================================================
Received Import Request.
  Time since last request: 3361.027480 seconds.
  path: Assets/Skybox.mat
  artifactKey: Guid(cba07e42529fe3d44abee1ec851db59b) Importer(815301076,1909f56bfc062723c751e8b465ee728b)
Start importing Assets/Skybox.mat using Guid(cba07e42529fe3d44abee1ec851db59b) Importer(815301076,1909f56bfc062723c751e8b465ee728b) Launched and connected shader compiler UnityShaderCompiler.exe after 0.06 seconds
 -> (artifact id: '8272ffcd1dc265b24b4a5ae11bec4940') in 4.462853 seconds
Number of updated asset objects reloaded before import = 0
Number of asset objects unloaded after import = 53
========================================================================
Received Import Request.
  Time since last request: 10.025817 seconds.
  path: Assets/VHS shop/Scene/Demo/Lightmap-0_comp_dir.png
  artifactKey: Guid(405174597b00932489166bf25941f694) Importer(815301076,1909f56bfc062723c751e8b465ee728b)
Start importing Assets/VHS shop/Scene/Demo/Lightmap-0_comp_dir.png using Guid(405174597b00932489166bf25941f694) Importer(815301076,1909f56bfc062723c751e8b465ee728b)  -> (artifact id: '4d88bf261e9b18282861bf04ecdd96c6') in 0.028088 seconds
Number of updated asset objects reloaded before import = 0
Number of asset objects unloaded after import = 2
========================================================================
Received Import Request.
  Time since last request: 0.000043 seconds.
  path: Assets/VHS shop/Scene/Demo/Lightmap-5_comp_light.exr
  artifactKey: Guid(63beac57863445c4386f952a7756d0c4) Importer(815301076,1909f56bfc062723c751e8b465ee728b)
Start importing Assets/VHS shop/Scene/Demo/Lightmap-5_comp_light.exr using Guid(63beac57863445c4386f952a7756d0c4) Importer(815301076,1909f56bfc062723c751e8b465ee728b)  -> (artifact id: 'f1a420fbfd4d32adb6e6080855881929') in 0.030676 seconds
Number of updated asset objects reloaded before import = 0
Number of asset objects unloaded after import = 2
========================================================================
Received Import Request.
  Time since last request: 0.000046 seconds.
  path: Assets/VHS shop/Scene/Demo/Lightmap-1_comp_shadowmask.png
  artifactKey: Guid(6b543b60227fa984b84bd5b08b6291e5) Importer(815301076,1909f56bfc062723c751e8b465ee728b)
Start importing Assets/VHS shop/Scene/Demo/Lightmap-1_comp_shadowmask.png using Guid(6b543b60227fa984b84bd5b08b6291e5) Importer(815301076,1909f56bfc062723c751e8b465ee728b)  -> (artifact id: '061c36bc088510dbc88306e304f92099') in 0.012099 seconds
Number of updated asset objects reloaded before import = 0
Number of asset objects unloaded after import = 2
========================================================================
Received Import Request.
  Time since last request: 0.000041 seconds.
  path: Assets/VHS shop/Scene/Demo/Lightmap-2_comp_dir.png
  artifactKey: Guid(24d63b057224ca940a89cc54cef364ac) Importer(815301076,1909f56bfc062723c751e8b465ee728b)
Start importing Assets/VHS shop/Scene/Demo/Lightmap-2_comp_dir.png using Guid(24d63b057224ca940a89cc54cef364ac) Importer(815301076,1909f56bfc062723c751e8b465ee728b)  -> (artifact id: '8e67c0299e17a92ab01257af739f244c') in 0.018920 seconds
Number of updated asset objects reloaded before import = 0
Number of asset objects unloaded after import = 2
========================================================================
Received Import Request.
  Time since last request: 0.000032 seconds.
  path: Assets/VHS shop/Scene/Demo/Lightmap-3_comp_shadowmask.png
  artifactKey: Guid(ea8dcbccd7e50e04e88a4b125b77ea29) Importer(815301076,1909f56bfc062723c751e8b465ee728b)
Start importing Assets/VHS shop/Scene/Demo/Lightmap-3_comp_shadowmask.png using Guid(ea8dcbccd7e50e04e88a4b125b77ea29) Importer(815301076,1909f56bfc062723c751e8b465ee728b)  -> (artifact id: 'cabb360fa77e613134716c29b9a22d87') in 0.012025 seconds
Number of updated asset objects reloaded before import = 0
Number of asset objects unloaded after import = 2
========================================================================
Received Import Request.
  Time since last request: 0.000041 seconds.
  path: Assets/VHS shop/Scene/Demo/Lightmap-2_comp_shadowmask.png
  artifactKey: Guid(ec436eaf2c17ad1498cae5b77b9938d1) Importer(815301076,1909f56bfc062723c751e8b465ee728b)
Start importing Assets/VHS shop/Scene/Demo/Lightmap-2_comp_shadowmask.png using Guid(ec436eaf2c17ad1498cae5b77b9938d1) Importer(815301076,1909f56bfc062723c751e8b465ee728b)  -> (artifact id: '686065e7edfa552aec449e53760bbd90') in 0.011213 seconds
Number of updated asset objects reloaded before import = 0
Number of asset objects unloaded after import = 2
========================================================================
Received Import Request.
  Time since last request: 0.000039 seconds.
  path: Assets/VHS shop/Scene/Demo/Lightmap-4_comp_dir.png
  artifactKey: Guid(efa2ff0c03985e14fafbcc1e434fa3d5) Importer(815301076,1909f56bfc062723c751e8b465ee728b)
Start importing Assets/VHS shop/Scene/Demo/Lightmap-4_comp_dir.png using Guid(efa2ff0c03985e14fafbcc1e434fa3d5) Importer(815301076,1909f56bfc062723c751e8b465ee728b)  -> (artifact id: '806e10f8a1412ad344d92f9de2330c9c') in 0.041586 seconds
Number of updated asset objects reloaded before import = 0
Number of asset objects unloaded after import = 2
========================================================================
Received Import Request.
  Time since last request: 0.000038 seconds.
  path: Assets/VHS shop/Scene/Demo/Lightmap-1_comp_dir.png
  artifactKey: Guid(3709dd422c0b1a44e808bc1840505750) Importer(815301076,1909f56bfc062723c751e8b465ee728b)
Start importing Assets/VHS shop/Scene/Demo/Lightmap-1_comp_dir.png using Guid(3709dd422c0b1a44e808bc1840505750) Importer(815301076,1909f56bfc062723c751e8b465ee728b)  -> (artifact id: '1854930f5ad916ad5997eea697385258') in 0.019322 seconds
Number of updated asset objects reloaded before import = 0
Number of asset objects unloaded after import = 2
========================================================================
Received Import Request.
  Time since last request: 0.000045 seconds.
  path: Assets/VHS shop/Scene/Demo/Lightmap-1_comp_light.exr
  artifactKey: Guid(c47c85ebd74a2ec43a9f4231c7517c7e) Importer(815301076,1909f56bfc062723c751e8b465ee728b)
Start importing Assets/VHS shop/Scene/Demo/Lightmap-1_comp_light.exr using Guid(c47c85ebd74a2ec43a9f4231c7517c7e) Importer(815301076,1909f56bfc062723c751e8b465ee728b)  -> (artifact id: 'e0d5a9948d53b0e616766c025edf9dfd') in 0.019166 seconds
Number of updated asset objects reloaded before import = 0
Number of asset objects unloaded after import = 2
========================================================================
Received Import Request.
  Time since last request: 0.000035 seconds.
  path: Assets/VHS shop/Scene/Demo/Lightmap-6_comp_light.exr
  artifactKey: Guid(54b47a1d55bfc1446a9dfe1d428ab744) Importer(815301076,1909f56bfc062723c751e8b465ee728b)
Start importing Assets/VHS shop/Scene/Demo/Lightmap-6_comp_light.exr using Guid(54b47a1d55bfc1446a9dfe1d428ab744) Importer(815301076,1909f56bfc062723c751e8b465ee728b)  -> (artifact id: '29b121e6dafc761ff9ebfbcc79ee7c9a') in 0.019924 seconds
Number of updated asset objects reloaded before import = 0
Number of asset objects unloaded after import = 2
========================================================================
Received Import Request.
  Time since last request: 0.000047 seconds.
  path: Assets/VHS shop/Scene/Demo/Lightmap-6_comp_shadowmask.png
  artifactKey: Guid(94e95bd66284a8d4fa468e59b6de1ff0) Importer(815301076,1909f56bfc062723c751e8b465ee728b)
Start importing Assets/VHS shop/Scene/Demo/Lightmap-6_comp_shadowmask.png using Guid(94e95bd66284a8d4fa468e59b6de1ff0) Importer(815301076,1909f56bfc062723c751e8b465ee728b)  -> (artifact id: 'fe808ed7a9651f7d7f7e5e5edc956761') in 0.011026 seconds
Number of updated asset objects reloaded before import = 0
Number of asset objects unloaded after import = 2
========================================================================
Received Import Request.
  Time since last request: 13.269693 seconds.
  path: Assets/VHS_Shop/Textures/Brick.jpg
  artifactKey: Guid(a7c2cf54743c8ea4ab42826771e0eca6) Importer(815301076,1909f56bfc062723c751e8b465ee728b)
Start importing Assets/VHS_Shop/Textures/Brick.jpg using Guid(a7c2cf54743c8ea4ab42826771e0eca6) Importer(815301076,1909f56bfc062723c751e8b465ee728b)  -> (artifact id: '73363998a84b58ba37f1011b9ec94a1f') in 0.018182 seconds
Number of updated asset objects reloaded before import = 0
Number of asset objects unloaded after import = 2
========================================================================
Received Import Request.
  Time since last request: 0.000030 seconds.
  path: Assets/VHS_Shop/Textures/documents.jpg
  artifactKey: Guid(d2853c0117877a64fa7206991c32c160) Importer(815301076,1909f56bfc062723c751e8b465ee728b)
Start importing Assets/VHS_Shop/Textures/documents.jpg using Guid(d2853c0117877a64fa7206991c32c160) Importer(815301076,1909f56bfc062723c751e8b465ee728b)  -> (artifact id: '297f057212ea658650bcf83a6d67b16c') in 0.021301 seconds
Number of updated asset objects reloaded before import = 0
Number of asset objects unloaded after import = 2
========================================================================
Received Import Request.
  Time since last request: 0.000046 seconds.
  path: Assets/VHS_Shop/Textures/Fabric.jpg
  artifactKey: Guid(129df155ec932934e8c788d26b911be5) Importer(815301076,1909f56bfc062723c751e8b465ee728b)
Start importing Assets/VHS_Shop/Textures/Fabric.jpg using Guid(129df155ec932934e8c788d26b911be5) Importer(815301076,1909f56bfc062723c751e8b465ee728b)  -> (artifact id: '59d7269d8c981bb0be46c786cde16bcf') in 0.022381 seconds
Number of updated asset objects reloaded before import = 0
Number of asset objects unloaded after import = 2
========================================================================
Received Import Request.
  Time since last request: 0.000029 seconds.
  path: Assets/VHS_Shop/Textures/Coffee_cup.jpg
  artifactKey: Guid(bdd7de9927a0792449a27c8c99531bea) Importer(815301076,1909f56bfc062723c751e8b465ee728b)
Start importing Assets/VHS_Shop/Textures/Coffee_cup.jpg using Guid(bdd7de9927a0792449a27c8c99531bea) Importer(815301076,1909f56bfc062723c751e8b465ee728b)  -> (artifact id: '14f814e0cdcf69fd893a5231fcfd8ffc') in 0.021805 seconds
Number of updated asset objects reloaded before import = 0
Number of asset objects unloaded after import = 2
========================================================================
Received Import Request.
  Time since last request: 0.000037 seconds.
  path: Assets/VHS_Shop/Textures/Foods.jpg
  artifactKey: Guid(1457dec9039d96b4880fcb9737adf0f5) Importer(815301076,1909f56bfc062723c751e8b465ee728b)
Start importing Assets/VHS_Shop/Textures/Foods.jpg using Guid(1457dec9039d96b4880fcb9737adf0f5) Importer(815301076,1909f56bfc062723c751e8b465ee728b)  -> (artifact id: '441cd0e14b31429be8a217586d831fb2') in 0.019613 seconds
Number of updated asset objects reloaded before import = 0
Number of asset objects unloaded after import = 2
========================================================================
Received Import Request.
  Time since last request: 0.000045 seconds.
  path: Assets/VHS_Shop/Textures/Ground.jpg
  artifactKey: Guid(9995b7f6eaf891c4381fa97f4bab7439) Importer(815301076,1909f56bfc062723c751e8b465ee728b)
Start importing Assets/VHS_Shop/Textures/Ground.jpg using Guid(9995b7f6eaf891c4381fa97f4bab7439) Importer(815301076,1909f56bfc062723c751e8b465ee728b)  -> (artifact id: '5f390b03f2021639282e134287314f34') in 0.023822 seconds
Number of updated asset objects reloaded before import = 0
Number of asset objects unloaded after import = 2
========================================================================
Received Import Request.
  Time since last request: 0.000046 seconds.
  path: Assets/VHS_Shop/Textures/Fish.jpg
  artifactKey: Guid(7eee798e9a2e6c34ab1e40bd73116598) Importer(815301076,1909f56bfc062723c751e8b465ee728b)
Start importing Assets/VHS_Shop/Textures/Fish.jpg using Guid(7eee798e9a2e6c34ab1e40bd73116598) Importer(815301076,1909f56bfc062723c751e8b465ee728b)  -> (artifact id: '639494e270a5de7edb481a27988e8585') in 0.019290 seconds
Number of updated asset objects reloaded before import = 0
Number of asset objects unloaded after import = 2
========================================================================
Received Import Request.
  Time since last request: 0.000045 seconds.
  path: Assets/VHS_Shop/Textures/Door_01.jpg
  artifactKey: Guid(9f603a1e51c55eb43b04260b1216811e) Importer(815301076,1909f56bfc062723c751e8b465ee728b)
Start importing Assets/VHS_Shop/Textures/Door_01.jpg using Guid(9f603a1e51c55eb43b04260b1216811e) Importer(815301076,1909f56bfc062723c751e8b465ee728b)  -> (artifact id: '252d3082e9ff03009464650d63425d04') in 0.018821 seconds
Number of updated asset objects reloaded before import = 0
Number of asset objects unloaded after import = 2
========================================================================
Received Import Request.
  Time since last request: 29.118103 seconds.
  path: Assets/VHS shop/Textures/Brick.jpg
  artifactKey: Guid(e733d0dedac2fe64cac5e890fa788090) Importer(815301076,1909f56bfc062723c751e8b465ee728b)
Start importing Assets/VHS shop/Textures/Brick.jpg using Guid(e733d0dedac2fe64cac5e890fa788090) Importer(815301076,1909f56bfc062723c751e8b465ee728b)  -> (artifact id: '3e821f643d4bf5ffbb4738abff0d2deb') in 0.016082 seconds
Number of updated asset objects reloaded before import = 0
Number of asset objects unloaded after import = 2
========================================================================
Received Import Request.
  Time since last request: 0.000030 seconds.
  path: Assets/VHS shop/Textures/Ground.jpg
  artifactKey: Guid(3266f5e85cad9fd44b832821dd5eaef0) Importer(815301076,1909f56bfc062723c751e8b465ee728b)
Start importing Assets/VHS shop/Textures/Ground.jpg using Guid(3266f5e85cad9fd44b832821dd5eaef0) Importer(815301076,1909f56bfc062723c751e8b465ee728b)  -> (artifact id: '74926a9621e95a7ee33406163804d1bf') in 0.019479 seconds
Number of updated asset objects reloaded before import = 0
Number of asset objects unloaded after import = 2
========================================================================
Received Import Request.
  Time since last request: 0.000030 seconds.
  path: Assets/VHS shop/Textures/Coffee_cup.jpg
  artifactKey: Guid(4674639615bea084dad0f104780e49e9) Importer(815301076,1909f56bfc062723c751e8b465ee728b)
Start importing Assets/VHS shop/Textures/Coffee_cup.jpg using Guid(4674639615bea084dad0f104780e49e9) Importer(815301076,1909f56bfc062723c751e8b465ee728b)  -> (artifact id: 'b458f824b4bc17e850c39c0197952cf6') in 0.019037 seconds
Number of updated asset objects reloaded before import = 0
Number of asset objects unloaded after import = 2
========================================================================
Received Import Request.
  Time since last request: 0.000041 seconds.
  path: Assets/VHS shop/Textures/Ground_01.jpg
  artifactKey: Guid(98acd8a82693cfd4cae60b009e2f57e3) Importer(815301076,1909f56bfc062723c751e8b465ee728b)
Start importing Assets/VHS shop/Textures/Ground_01.jpg using Guid(98acd8a82693cfd4cae60b009e2f57e3) Importer(815301076,1909f56bfc062723c751e8b465ee728b)  -> (artifact id: '6d36eb811a0876ce0e713e6cc5c80ed7') in 0.017941 seconds
Number of updated asset objects reloaded before import = 0
Number of asset objects unloaded after import = 2
========================================================================
Received Import Request.
  Time since last request: 0.000054 seconds.
  path: Assets/VHS shop/Textures/Interior_objects.jpg
  artifactKey: Guid(717155bed3cd3a24eb5dd6282b0be8f8) Importer(815301076,1909f56bfc062723c751e8b465ee728b)
Start importing Assets/VHS shop/Textures/Interior_objects.jpg using Guid(717155bed3cd3a24eb5dd6282b0be8f8) Importer(815301076,1909f56bfc062723c751e8b465ee728b)  -> (artifact id: 'ae094047c8500d2553833d2ad2f56974') in 0.018638 seconds
Number of updated asset objects reloaded before import = 0
Number of asset objects unloaded after import = 2
========================================================================
Received Import Request.
  Time since last request: 0.000034 seconds.
  path: Assets/VHS shop/Textures/Interior_objects_01.png
  artifactKey: Guid(2b58d7b9aa069c9478e043ddc0fd9f82) Importer(815301076,1909f56bfc062723c751e8b465ee728b)
Start importing Assets/VHS shop/Textures/Interior_objects_01.png using Guid(2b58d7b9aa069c9478e043ddc0fd9f82) Importer(815301076,1909f56bfc062723c751e8b465ee728b)  -> (artifact id: '7943b768bdc6dd5d5d53ce5df55f4d8a') in 0.018364 seconds
Number of updated asset objects reloaded before import = 0
Number of asset objects unloaded after import = 2
========================================================================
Received Import Request.
  Time since last request: 0.000036 seconds.
  path: Assets/VHS shop/Textures/Door_01.jpg
  artifactKey: Guid(ab438393eabcdc548aec2156df17e748) Importer(815301076,1909f56bfc062723c751e8b465ee728b)
Start importing Assets/VHS shop/Textures/Door_01.jpg using Guid(ab438393eabcdc548aec2156df17e748) Importer(815301076,1909f56bfc062723c751e8b465ee728b)  -> (artifact id: '8393ee96f130858791912f8da979381d') in 0.020243 seconds
Number of updated asset objects reloaded before import = 0
Number of asset objects unloaded after import = 2
========================================================================
Received Import Request.
  Time since last request: 2.569691 seconds.
  path: Assets/VHS shop/Materials/Black.mat
  artifactKey: Guid(55e398635d07ba34589158f07b43ba19) Importer(815301076,1909f56bfc062723c751e8b465ee728b)
Start importing Assets/VHS shop/Materials/Black.mat using Guid(55e398635d07ba34589158f07b43ba19) Importer(815301076,1909f56bfc062723c751e8b465ee728b)  -> (artifact id: '809e59b32da33f9025db3dfc157671bd') in 0.057279 seconds
Number of updated asset objects reloaded before import = 0
Number of asset objects unloaded after import = 1
========================================================================
Received Import Request.
  Time since last request: 0.000030 seconds.
  path: Assets/VHS shop/Materials/Electronics_Extras.mat
  artifactKey: Guid(8f72883334dc8b34f9f450164b0d08ca) Importer(815301076,1909f56bfc062723c751e8b465ee728b)
Start importing Assets/VHS shop/Materials/Electronics_Extras.mat using Guid(8f72883334dc8b34f9f450164b0d08ca) Importer(815301076,1909f56bfc062723c751e8b465ee728b)  -> (artifact id: 'c4496c7796e3d8862ed10ad50b80fcce') in 0.022149 seconds
Number of updated asset objects reloaded before import = 0
Number of asset objects unloaded after import = 2
========================================================================
Received Import Request.
  Time since last request: 0.000029 seconds.
  path: Assets/VHS shop/Materials/Concrete_01.mat
  artifactKey: Guid(de7049c620425b94785d368b7ca89317) Importer(815301076,1909f56bfc062723c751e8b465ee728b)
Start importing Assets/VHS shop/Materials/Concrete_01.mat using Guid(de7049c620425b94785d368b7ca89317) Importer(815301076,1909f56bfc062723c751e8b465ee728b)  -> (artifact id: '6eba1334f5cee1bb23af9ced808d056d') in 0.014795 seconds
Number of updated asset objects reloaded before import = 0
Number of asset objects unloaded after import = 2
========================================================================
Received Import Request.
  Time since last request: 0.000044 seconds.
  path: Assets/VHS shop/Materials/Concrete.mat
  artifactKey: Guid(e349f43a946246b42a6e7f8d1d963bd6) Importer(815301076,1909f56bfc062723c751e8b465ee728b)
Start importing Assets/VHS shop/Materials/Concrete.mat using Guid(e349f43a946246b42a6e7f8d1d963bd6) Importer(815301076,1909f56bfc062723c751e8b465ee728b)  -> (artifact id: 'a3cedc6aeca44318a9bc53ec55bf4f0a') in 0.018202 seconds
Number of updated asset objects reloaded before import = 0
Number of asset objects unloaded after import = 2
========================================================================
Received Import Request.
  Time since last request: 0.000042 seconds.
  path: Assets/VHS shop/Materials/Emissor.mat
  artifactKey: Guid(2846116a37780c643988fc8d2499677c) Importer(815301076,1909f56bfc062723c751e8b465ee728b)
Start importing Assets/VHS shop/Materials/Emissor.mat using Guid(2846116a37780c643988fc8d2499677c) Importer(815301076,1909f56bfc062723c751e8b465ee728b)  -> (artifact id: '274641280f4d2fd502378135b1290b5d') in 0.018668 seconds
Number of updated asset objects reloaded before import = 0
Number of asset objects unloaded after import = 1
========================================================================
Received Import Request.
  Time since last request: 0.000049 seconds.
  path: Assets/VHS shop/Materials/Ground.mat
  artifactKey: Guid(d24d0b52e452bfb4d9f7ffc7ad7ceee0) Importer(815301076,1909f56bfc062723c751e8b465ee728b)
Start importing Assets/VHS shop/Materials/Ground.mat using Guid(d24d0b52e452bfb4d9f7ffc7ad7ceee0) Importer(815301076,1909f56bfc062723c751e8b465ee728b)  -> (artifact id: 'e8217a8d432c2300b99f677a964b49a1') in 0.014587 seconds
Number of updated asset objects reloaded before import = 0
Number of asset objects unloaded after import = 2
========================================================================
Received Import Request.
  Time since last request: 0.000041 seconds.
  path: Assets/VHS shop/Materials/Doors.mat
  artifactKey: Guid(5d08840d3c8c1fe4e98d6a03ccd875bf) Importer(815301076,1909f56bfc062723c751e8b465ee728b)
Start importing Assets/VHS shop/Materials/Doors.mat using Guid(5d08840d3c8c1fe4e98d6a03ccd875bf) Importer(815301076,1909f56bfc062723c751e8b465ee728b)  -> (artifact id: '5c4a522bdbd549460e4d57d2a3c4d25d') in 0.020757 seconds
Number of updated asset objects reloaded before import = 0
Number of asset objects unloaded after import = 2
========================================================================
Received Import Request.
  Time since last request: 0.000052 seconds.
  path: Assets/VHS shop/Materials/Ground_01.mat
  artifactKey: Guid(b9c454193e0037c44a13f5876f4f3565) Importer(815301076,1909f56bfc062723c751e8b465ee728b)
Start importing Assets/VHS shop/Materials/Ground_01.mat using Guid(b9c454193e0037c44a13f5876f4f3565) Importer(815301076,1909f56bfc062723c751e8b465ee728b)  -> (artifact id: 'e19e71ab2b2d63edb99151f8fae3bfcc') in 0.032931 seconds
Number of updated asset objects reloaded before import = 0
Number of asset objects unloaded after import = 2
========================================================================
Received Import Request.
  Time since last request: 0.000115 seconds.
  path: Assets/VHS shop/Materials/Cushion.mat
  artifactKey: Guid(b03f2b19e108903458f6c1b1da7fe7e7) Importer(815301076,1909f56bfc062723c751e8b465ee728b)
Start importing Assets/VHS shop/Materials/Cushion.mat using Guid(b03f2b19e108903458f6c1b1da7fe7e7) Importer(815301076,1909f56bfc062723c751e8b465ee728b)  -> (artifact id: 'aa9f146dbac31c2b54e20f8a5d315c2a') in 0.026499 seconds
Number of updated asset objects reloaded before import = 0
Number of asset objects unloaded after import = 2
========================================================================
Received Import Request.
  Time since last request: 0.000062 seconds.
  path: Assets/VHS shop/Materials/documents.mat
  artifactKey: Guid(486eb8598eb04594ba620531e23b3f36) Importer(815301076,1909f56bfc062723c751e8b465ee728b)
Start importing Assets/VHS shop/Materials/documents.mat using Guid(486eb8598eb04594ba620531e23b3f36) Importer(815301076,1909f56bfc062723c751e8b465ee728b)  -> (artifact id: '5ff49c5c43c57301a07219a84a1690a1') in 0.022760 seconds
Number of updated asset objects reloaded before import = 0
Number of asset objects unloaded after import = 2
========================================================================
Received Import Request.
  Time since last request: 0.000035 seconds.
  path: Assets/VHS shop/Materials/Brick.mat
  artifactKey: Guid(05116ae4d21128c4985af380e03f2df9) Importer(815301076,1909f56bfc062723c751e8b465ee728b)
Start importing Assets/VHS shop/Materials/Brick.mat using Guid(05116ae4d21128c4985af380e03f2df9) Importer(815301076,1909f56bfc062723c751e8b465ee728b)  -> (artifact id: '3fc17e5bbb84f13da1d8e2d7f7f27083') in 0.015752 seconds
Number of updated asset objects reloaded before import = 0
Number of asset objects unloaded after import = 2
========================================================================
Received Import Request.
  Time since last request: 46.926941 seconds.
  path: Assets/halloween/Textures/Body_01.png
  artifactKey: Guid(d69edef90b626bc4196371ca87c57ddc) Importer(815301076,1909f56bfc062723c751e8b465ee728b)
Start importing Assets/halloween/Textures/Body_01.png using Guid(d69edef90b626bc4196371ca87c57ddc) Importer(815301076,1909f56bfc062723c751e8b465ee728b)  -> (artifact id: 'f482ae1c2e1bfc9a85860d51b61cb090') in 0.018404 seconds
Number of updated asset objects reloaded before import = 0
Number of asset objects unloaded after import = 2
========================================================================
Received Import Request.
  Time since last request: 0.000034 seconds.
  path: Assets/halloween/Textures/Body_parts.png
  artifactKey: Guid(23086dd4aa6de224d8b33c1328bed5ac) Importer(815301076,1909f56bfc062723c751e8b465ee728b)
Start importing Assets/halloween/Textures/Body_parts.png using Guid(23086dd4aa6de224d8b33c1328bed5ac) Importer(815301076,1909f56bfc062723c751e8b465ee728b)  -> (artifact id: 'e5c1946687797329443880dd102fd8e0') in 0.018267 seconds
Number of updated asset objects reloaded before import = 0
Number of asset objects unloaded after import = 2
========================================================================
Received Import Request.
  Time since last request: 0.000048 seconds.
  path: Assets/halloween/Textures/Farmland.jpg
  artifactKey: Guid(f6622779e81785d4f8fcf6d507375670) Importer(815301076,1909f56bfc062723c751e8b465ee728b)
Start importing Assets/halloween/Textures/Farmland.jpg using Guid(f6622779e81785d4f8fcf6d507375670) Importer(815301076,1909f56bfc062723c751e8b465ee728b)  -> (artifact id: 'e70824c04a5963dcc9810378f795e9b0') in 0.029296 seconds
Number of updated asset objects reloaded before import = 0
Number of asset objects unloaded after import = 2
========================================================================
Received Import Request.
  Time since last request: 0.000036 seconds.
  path: Assets/halloween/Textures/Candles.png
  artifactKey: Guid(6a7db836b64f4d6419cb433f4ee6a642) Importer(815301076,1909f56bfc062723c751e8b465ee728b)
Start importing Assets/halloween/Textures/Candles.png using Guid(6a7db836b64f4d6419cb433f4ee6a642) Importer(815301076,1909f56bfc062723c751e8b465ee728b)  -> (artifact id: '27998191341490b2c9bcda3a58a5208d') in 0.021292 seconds
Number of updated asset objects reloaded before import = 0
Number of asset objects unloaded after import = 2
========================================================================
Received Import Request.
  Time since last request: 0.000032 seconds.
  path: Assets/halloween/Textures/Candy_Bowl.png
  artifactKey: Guid(468d30e7f221f0c458c2a8bfcfcaf6d2) Importer(815301076,1909f56bfc062723c751e8b465ee728b)
Start importing Assets/halloween/Textures/Candy_Bowl.png using Guid(468d30e7f221f0c458c2a8bfcfcaf6d2) Importer(815301076,1909f56bfc062723c751e8b465ee728b)  -> (artifact id: 'd17269be8835b84ee7de804eede11c04') in 0.020871 seconds
Number of updated asset objects reloaded before import = 0
Number of asset objects unloaded after import = 2
========================================================================
Received Import Request.
  Time since last request: 0.000030 seconds.
  path: Assets/halloween/Textures/Pumpkin_02.png
  artifactKey: Guid(3e04c7a29e4bf6f4cab107c221588187) Importer(815301076,1909f56bfc062723c751e8b465ee728b)
Start importing Assets/halloween/Textures/Pumpkin_02.png using Guid(3e04c7a29e4bf6f4cab107c221588187) Importer(815301076,1909f56bfc062723c751e8b465ee728b)  -> (artifact id: '62a105d1d836545260fcbfcfe59a043e') in 0.017985 seconds
Number of updated asset objects reloaded before import = 0
Number of asset objects unloaded after import = 2
========================================================================
Received Import Request.
  Time since last request: 0.000033 seconds.
  path: Assets/halloween/Textures/Metal.png
  artifactKey: Guid(8aa4f1abbc8773e408827caee95c92ba) Importer(815301076,1909f56bfc062723c751e8b465ee728b)
Start importing Assets/halloween/Textures/Metal.png using Guid(8aa4f1abbc8773e408827caee95c92ba) Importer(815301076,1909f56bfc062723c751e8b465ee728b)  -> (artifact id: '80777883a5ea9d0161f85b2e281507f6') in 0.019266 seconds
Number of updated asset objects reloaded before import = 0
Number of asset objects unloaded after import = 2
========================================================================
Received Import Request.
  Time since last request: 0.000040 seconds.
  path: Assets/halloween/Textures/Coffin.png
  artifactKey: Guid(abdb98a131a16db49a47b9a1033dcac5) Importer(815301076,1909f56bfc062723c751e8b465ee728b)
Start importing Assets/halloween/Textures/Coffin.png using Guid(abdb98a131a16db49a47b9a1033dcac5) Importer(815301076,1909f56bfc062723c751e8b465ee728b)  -> (artifact id: '9269cedfc020a2b88323c9029039826f') in 0.016734 seconds
Number of updated asset objects reloaded before import = 0
Number of asset objects unloaded after import = 2
========================================================================
Received Import Request.
  Time since last request: 28.379488 seconds.
  path: Assets/Settings/HDRP Performant.asset
  artifactKey: Guid(168a2336534e4e043b2a210b6f8d379a) Importer(815301076,1909f56bfc062723c751e8b465ee728b)
Start importing Assets/Settings/HDRP Performant.asset using Guid(168a2336534e4e043b2a210b6f8d379a) Importer(815301076,1909f56bfc062723c751e8b465ee728b)  -> (artifact id: '663e8205bf597a41dd00b5201d7f9ed5') in 0.001793 seconds
Number of updated asset objects reloaded before import = 0
Number of asset objects unloaded after import = 1
========================================================================
Received Import Request.
  Time since last request: 0.000031 seconds.
  path: Assets/Settings/SkyandFogSettingsProfile.asset
  artifactKey: Guid(8ba92e2dd7f884a0f88b98fa2d235fe7) Importer(815301076,1909f56bfc062723c751e8b465ee728b)
Start importing Assets/Settings/SkyandFogSettingsProfile.asset using Guid(8ba92e2dd7f884a0f88b98fa2d235fe7) Importer(815301076,1909f56bfc062723c751e8b465ee728b)  -> (artifact id: '96768e9efbb1c0c6e3765e98afc51866') in 0.003203 seconds
Number of updated asset objects reloaded before import = 0
Number of asset objects unloaded after import = 5
========================================================================
Received Prepare
Begin MonoManager ReloadAssembly
- Loaded All Assemblies, in  0.782 seconds
Refreshing native plugins compatible for Editor in 5.12 ms, found 3 plugins.
Native extension for WindowsStandalone target not found
Native extension for Android target not found
Native extension for WebGL target not found
[Package Manager] Server::EnsureServerProcessIsRunning -- launch failed, reason: Unity was launched with the -noUpm command-line argument
[Package Manager] UpmClient::Send -- Unable to send message (not connected to UPM process).
[Package Manager] Cannot connect to Unity Package Manager local server
Mono: successfully reloaded assembly
- Finished resetting the current domain, in  1.958 seconds
Domain Reload Profiling: 2738ms
	BeginReloadAssembly (316ms)
		ExecutionOrderSort (0ms)
		DisableScriptedObjects (59ms)
		BackupInstance (0ms)
		ReleaseScriptingObjects (0ms)
		CreateAndSetChildDomain (85ms)
	RebuildCommonClasses (54ms)
	RebuildNativeTypeToScriptingClass (20ms)
	initialDomainReloadingComplete (37ms)
	LoadAllAssembliesAndSetupDomain (352ms)
		LoadAssemblies (365ms)
		RebuildTransferFunctionScriptingTraits (0ms)
		AnalyzeDomain (96ms)
			TypeCache.Refresh (18ms)
				TypeCache.ScanAssembly (7ms)
			ScanForSourceGeneratedMonoScriptInfo (55ms)
			ResolveRequiredComponents (21ms)
	FinalizeReload (1959ms)
		ReleaseScriptCaches (0ms)
		RebuildScriptCaches (0ms)
		SetupLoadedEditorAssemblies (777ms)
			LogAssemblyErrors (0ms)
			InitializePlatformSupportModulesInManaged (32ms)
			SetLoadedEditorAssemblies (5ms)
			RefreshPlugins (0ms)
			BeforeProcessingInitializeOnLoad (99ms)
			ProcessInitializeOnLoadAttributes (596ms)
			ProcessInitializeOnLoadMethodAttributes (41ms)
			AfterProcessingInitializeOnLoad (3ms)
			EditorAssembliesLoaded (0ms)
		ExecutionOrderSort2 (0ms)
		AwakeInstancesAfterBackupRestoration (65ms)
Refreshing native plugins compatible for Editor in 4.82 ms, found 3 plugins.
Preloading 0 native plugins for Editor in 0.00 ms.
Unloading 6613 Unused Serialized files (Serialized files now loaded: 0)
Unloading 82 unused Assets / (3.8 MB). Loaded Objects now: 7594.
Memory consumption went from 274.8 MB to 271.0 MB.
Total: 5.859000 ms (FindLiveObjects: 0.791200 ms CreateObjectMapping: 0.235800 ms MarkObjects: 3.586900 ms  DeleteObjects: 1.243500 ms)

Prepare: number of updated asset objects reloaded= 0
AssetImportParameters requested are different than current active one (requested -> active):
  custom:container-demuxer-ogg: 62fdf1f143b41e24485cea50d1cbac27 -> 
  custom:framework-win-MediaFoundation: 216162199b28c13a410421893ffa2e32 -> 
  custom:container-muxer-webm: aa71ff27fc2769a1b78a27578f13a17b -> 
  custom:video-decoder-webm-vp8: 9c59270c3fd7afecdb556c50c9e8de78 -> 
  custom:SearchIndexIgnoredProperties: e643bd26f0fe6173181afceb89e7c659 -> 
  custom:AudioImporter_EditorPlatform: d09bf68614088b80899f8185d706f6e7 -> 
  custom:audio-decoder-ogg-vorbis: bf7c407c2cedff20999df2af8eb42d56 -> 
  custom:audio-encoder-webm-vorbis: bf7c407c2cedff20999df2af8eb42d56 -> 
  custom:video-decoder-ogg-theora: a1e56fd34408186e4bbccfd4996cb3dc -> 
  custom:CustomObjectIndexerAttribute: 756ad292c208cfabdd7b50bc23989ffe -> 
  custom:container-demuxer-webm: 4f35f7cbe854078d1ac9338744f61a02 -> 
  custom:video-encoder-webm-vp8: eb34c28f22e8b96e1ab97ce403110664 -> 
========================================================================
Received Prepare
Begin MonoManager ReloadAssembly
- Loaded All Assemblies, in  0.668 seconds
Refreshing native plugins compatible for Editor in 5.04 ms, found 3 plugins.
Native extension for WindowsStandalone target not found
Native extension for Android target not found
Native extension for WebGL target not found
[Package Manager] Server::EnsureServerProcessIsRunning -- launch failed, reason: Unity was launched with the -noUpm command-line argument
[Package Manager] UpmClient::Send -- Unable to send message (not connected to UPM process).
[Package Manager] Cannot connect to Unity Package Manager local server
Mono: successfully reloaded assembly
- Finished resetting the current domain, in  2.023 seconds
Domain Reload Profiling: 2690ms
	BeginReloadAssembly (221ms)
		ExecutionOrderSort (0ms)
		DisableScriptedObjects (8ms)
		BackupInstance (0ms)
		ReleaseScriptingObjects (0ms)
		CreateAndSetChildDomain (64ms)
	RebuildCommonClasses (44ms)
	RebuildNativeTypeToScriptingClass (17ms)
	initialDomainReloadingComplete (40ms)
	LoadAllAssembliesAndSetupDomain (344ms)
		LoadAssemblies (354ms)
		RebuildTransferFunctionScriptingTraits (0ms)
		AnalyzeDomain (88ms)
			TypeCache.Refresh (14ms)
				TypeCache.ScanAssembly (0ms)
			ScanForSourceGeneratedMonoScriptInfo (54ms)
			ResolveRequiredComponents (19ms)
	FinalizeReload (2023ms)
		ReleaseScriptCaches (0ms)
		RebuildScriptCaches (0ms)
		SetupLoadedEditorAssemblies (632ms)
			LogAssemblyErrors (0ms)
			InitializePlatformSupportModulesInManaged (32ms)
			SetLoadedEditorAssemblies (4ms)
			RefreshPlugins (0ms)
			BeforeProcessingInitializeOnLoad (112ms)
			ProcessInitializeOnLoadAttributes (443ms)
			ProcessInitializeOnLoadMethodAttributes (37ms)
			AfterProcessingInitializeOnLoad (4ms)
			EditorAssembliesLoaded (0ms)
		ExecutionOrderSort2 (0ms)
		AwakeInstancesAfterBackupRestoration (88ms)
Refreshing native plugins compatible for Editor in 3.53 ms, found 3 plugins.
Preloading 0 native plugins for Editor in 0.00 ms.
Unloading 6613 Unused Serialized files (Serialized files now loaded: 0)
Unloading 82 unused Assets / (3.8 MB). Loaded Objects now: 7609.
Memory consumption went from 276.5 MB to 272.7 MB.
Total: 5.009800 ms (FindLiveObjects: 0.642900 ms CreateObjectMapping: 0.225400 ms MarkObjects: 3.191800 ms  DeleteObjects: 0.948500 ms)

Prepare: number of updated asset objects reloaded= 0
AssetImportParameters requested are different than current active one (requested -> active):
  custom:container-demuxer-ogg: 62fdf1f143b41e24485cea50d1cbac27 -> 
  custom:framework-win-MediaFoundation: 216162199b28c13a410421893ffa2e32 -> 
  custom:container-muxer-webm: aa71ff27fc2769a1b78a27578f13a17b -> 
  custom:video-decoder-webm-vp8: 9c59270c3fd7afecdb556c50c9e8de78 -> 
  custom:SearchIndexIgnoredProperties: e643bd26f0fe6173181afceb89e7c659 -> 
  custom:AudioImporter_EditorPlatform: d09bf68614088b80899f8185d706f6e7 -> 
  custom:audio-decoder-ogg-vorbis: bf7c407c2cedff20999df2af8eb42d56 -> 
  custom:audio-encoder-webm-vorbis: bf7c407c2cedff20999df2af8eb42d56 -> 
  custom:video-decoder-ogg-theora: a1e56fd34408186e4bbccfd4996cb3dc -> 
  custom:CustomObjectIndexerAttribute: 756ad292c208cfabdd7b50bc23989ffe -> 
  custom:container-demuxer-webm: 4f35f7cbe854078d1ac9338744f61a02 -> 
  custom:video-encoder-webm-vp8: eb34c28f22e8b96e1ab97ce403110664 -> 
========================================================================
Received Prepare
Begin MonoManager ReloadAssembly
- Loaded All Assemblies, in  0.681 seconds
Refreshing native plugins compatible for Editor in 4.13 ms, found 3 plugins.
Native extension for WindowsStandalone target not found
Native extension for Android target not found
Native extension for WebGL target not found
[Package Manager] Server::EnsureServerProcessIsRunning -- launch failed, reason: Unity was launched with the -noUpm command-line argument
[Package Manager] UpmClient::Send -- Unable to send message (not connected to UPM process).
[Package Manager] Cannot connect to Unity Package Manager local server
Mono: successfully reloaded assembly
- Finished resetting the current domain, in  1.985 seconds
Domain Reload Profiling: 2665ms
	BeginReloadAssembly (226ms)
		ExecutionOrderSort (0ms)
		DisableScriptedObjects (8ms)
		BackupInstance (0ms)
		ReleaseScriptingObjects (0ms)
		CreateAndSetChildDomain (61ms)
	RebuildCommonClasses (49ms)
	RebuildNativeTypeToScriptingClass (16ms)
	initialDomainReloadingComplete (35ms)
	LoadAllAssembliesAndSetupDomain (353ms)
		LoadAssemblies (366ms)
		RebuildTransferFunctionScriptingTraits (0ms)
		AnalyzeDomain (94ms)
			TypeCache.Refresh (14ms)
				TypeCache.ScanAssembly (0ms)
			ScanForSourceGeneratedMonoScriptInfo (57ms)
			ResolveRequiredComponents (21ms)
	FinalizeReload (1985ms)
		ReleaseScriptCaches (0ms)
		RebuildScriptCaches (0ms)
		SetupLoadedEditorAssemblies (626ms)
			LogAssemblyErrors (0ms)
			InitializePlatformSupportModulesInManaged (28ms)
			SetLoadedEditorAssemblies (5ms)
			RefreshPlugins (0ms)
			BeforeProcessingInitializeOnLoad (103ms)
			ProcessInitializeOnLoadAttributes (447ms)
			ProcessInitializeOnLoadMethodAttributes (39ms)
			AfterProcessingInitializeOnLoad (3ms)
			EditorAssembliesLoaded (0ms)
		ExecutionOrderSort2 (0ms)
		AwakeInstancesAfterBackupRestoration (58ms)
Refreshing native plugins compatible for Editor in 3.77 ms, found 3 plugins.
Preloading 0 native plugins for Editor in 0.00 ms.
Unloading 6613 Unused Serialized files (Serialized files now loaded: 0)
Unloading 82 unused Assets / (3.8 MB). Loaded Objects now: 7624.
Memory consumption went from 278.5 MB to 274.6 MB.
Total: 5.173500 ms (FindLiveObjects: 0.718300 ms CreateObjectMapping: 0.248600 ms MarkObjects: 3.285600 ms  DeleteObjects: 0.919800 ms)

Prepare: number of updated asset objects reloaded= 0
AssetImportParameters requested are different than current active one (requested -> active):
  custom:container-demuxer-ogg: 62fdf1f143b41e24485cea50d1cbac27 -> 
  custom:framework-win-MediaFoundation: 216162199b28c13a410421893ffa2e32 -> 
  custom:container-muxer-webm: aa71ff27fc2769a1b78a27578f13a17b -> 
  custom:video-decoder-webm-vp8: 9c59270c3fd7afecdb556c50c9e8de78 -> 
  custom:SearchIndexIgnoredProperties: e643bd26f0fe6173181afceb89e7c659 -> 
  custom:AudioImporter_EditorPlatform: d09bf68614088b80899f8185d706f6e7 -> 
  custom:audio-decoder-ogg-vorbis: bf7c407c2cedff20999df2af8eb42d56 -> 
  custom:audio-encoder-webm-vorbis: bf7c407c2cedff20999df2af8eb42d56 -> 
  custom:video-decoder-ogg-theora: a1e56fd34408186e4bbccfd4996cb3dc -> 
  custom:CustomObjectIndexerAttribute: 756ad292c208cfabdd7b50bc23989ffe -> 
  custom:container-demuxer-webm: 4f35f7cbe854078d1ac9338744f61a02 -> 
  custom:video-encoder-webm-vp8: eb34c28f22e8b96e1ab97ce403110664 -> 
========================================================================
Received Prepare
Begin MonoManager ReloadAssembly
- Loaded All Assemblies, in  0.863 seconds
Refreshing native plugins compatible for Editor in 3.52 ms, found 3 plugins.
Native extension for WindowsStandalone target not found
Native extension for Android target not found
Native extension for WebGL target not found
[Package Manager] Server::EnsureServerProcessIsRunning -- launch failed, reason: Unity was launched with the -noUpm command-line argument
[Package Manager] UpmClient::Send -- Unable to send message (not connected to UPM process).
[Package Manager] Cannot connect to Unity Package Manager local server
Mono: successfully reloaded assembly
- Finished resetting the current domain, in 10.829 seconds
Domain Reload Profiling: 11692ms
	BeginReloadAssembly (236ms)
		ExecutionOrderSort (0ms)
		DisableScriptedObjects (8ms)
		BackupInstance (0ms)
		ReleaseScriptingObjects (0ms)
		CreateAndSetChildDomain (63ms)
	RebuildCommonClasses (42ms)
	RebuildNativeTypeToScriptingClass (15ms)
	initialDomainReloadingComplete (32ms)
	LoadAllAssembliesAndSetupDomain (536ms)
		LoadAssemblies (548ms)
		RebuildTransferFunctionScriptingTraits (0ms)
		AnalyzeDomain (94ms)
			TypeCache.Refresh (20ms)
				TypeCache.ScanAssembly (8ms)
			ScanForSourceGeneratedMonoScriptInfo (55ms)
			ResolveRequiredComponents (18ms)
	FinalizeReload (10830ms)
		ReleaseScriptCaches (0ms)
		RebuildScriptCaches (0ms)
		SetupLoadedEditorAssemblies (565ms)
			LogAssemblyErrors (0ms)
			InitializePlatformSupportModulesInManaged (27ms)
			SetLoadedEditorAssemblies (4ms)
			RefreshPlugins (0ms)
			BeforeProcessingInitializeOnLoad (93ms)
			ProcessInitializeOnLoadAttributes (403ms)
			ProcessInitializeOnLoadMethodAttributes (35ms)
			AfterProcessingInitializeOnLoad (3ms)
			EditorAssembliesLoaded (0ms)
		ExecutionOrderSort2 (0ms)
		AwakeInstancesAfterBackupRestoration (58ms)
Refreshing native plugins compatible for Editor in 3.44 ms, found 3 plugins.
Preloading 0 native plugins for Editor in 0.00 ms.
Unloading 6989 Unused Serialized files (Serialized files now loaded: 0)
Unloading 102 unused Assets / (5.5 MB). Loaded Objects now: 7996.
Memory consumption went from 299.5 MB to 294.0 MB.
Total: 6.919400 ms (FindLiveObjects: 0.774600 ms CreateObjectMapping: 0.253100 ms MarkObjects: 3.604700 ms  DeleteObjects: 2.285600 ms)

Prepare: number of updated asset objects reloaded= 0
AssetImportParameters requested are different than current active one (requested -> active):
  custom:container-demuxer-ogg: 62fdf1f143b41e24485cea50d1cbac27 -> 
  custom:framework-win-MediaFoundation: 216162199b28c13a410421893ffa2e32 -> 
  custom:container-muxer-webm: aa71ff27fc2769a1b78a27578f13a17b -> 
  custom:video-decoder-webm-vp8: 9c59270c3fd7afecdb556c50c9e8de78 -> 
  custom:SearchIndexIgnoredProperties: e643bd26f0fe6173181afceb89e7c659 -> 
  custom:AudioImporter_EditorPlatform: d09bf68614088b80899f8185d706f6e7 -> 
  custom:audio-decoder-ogg-vorbis: bf7c407c2cedff20999df2af8eb42d56 -> 
  custom:audio-encoder-webm-vorbis: bf7c407c2cedff20999df2af8eb42d56 -> 
  custom:video-decoder-ogg-theora: a1e56fd34408186e4bbccfd4996cb3dc -> 
  custom:CustomObjectIndexerAttribute: 756ad292c208cfabdd7b50bc23989ffe -> 
  custom:container-demuxer-webm: 4f35f7cbe854078d1ac9338744f61a02 -> 
  custom:video-encoder-webm-vp8: eb34c28f22e8b96e1ab97ce403110664 -> 
