Using pre-set license
Built from '2022.3/release' branch; Version is '2022.3.12f1 (4fe6e059c7ef) revision 5236448'; Using compiler version '192829333'; Build Type 'Release'
OS: 'Windows 10  (10.0.19043) 64bit Professional' Language: 'ru' Physical Memory: 16314 MB
BatchMode: 1, IsHumanControllingUs: 0, StartBugReporterOnCrash: 0, Is64bit: 1, IsPro: 1

COMMAND LINE ARGUMENTS:
D:\UnityProgramm\2022.3.12f1\Editor\Unity.exe
-adb2
-batchMode
-noUpm
-name
AssetImportWorker0
-projectPath
E:/nukio_games/HorrorProjectOct/HorrorHDRP
-logFile
Logs/AssetImportWorker0.log
-srvPort
51036
Successfully changed project path to: E:/nukio_games/HorrorProjectOct/HorrorHDRP
E:/nukio_games/HorrorProjectOct/HorrorHDRP
[UnityMemory] Configuration Parameters - Can be set up in boot.config
    "memorysetup-bucket-allocator-granularity=16"
    "memorysetup-bucket-allocator-bucket-count=8"
    "memorysetup-bucket-allocator-block-size=33554432"
    "memorysetup-bucket-allocator-block-count=8"
    "memorysetup-main-allocator-block-size=16777216"
    "memorysetup-thread-allocator-block-size=16777216"
    "memorysetup-gfx-main-allocator-block-size=16777216"
    "memorysetup-gfx-thread-allocator-block-size=16777216"
    "memorysetup-cache-allocator-block-size=4194304"
    "memorysetup-typetree-allocator-block-size=2097152"
    "memorysetup-profiler-bucket-allocator-granularity=16"
    "memorysetup-profiler-bucket-allocator-bucket-count=8"
    "memorysetup-profiler-bucket-allocator-block-size=33554432"
    "memorysetup-profiler-bucket-allocator-block-count=8"
    "memorysetup-profiler-allocator-block-size=16777216"
    "memorysetup-profiler-editor-allocator-block-size=1048576"
    "memorysetup-temp-allocator-size-main=16777216"
    "memorysetup-job-temp-allocator-block-size=2097152"
    "memorysetup-job-temp-allocator-block-size-background=1048576"
    "memorysetup-job-temp-allocator-reduction-small-platforms=262144"
    "memorysetup-allocator-temp-initial-block-size-main=262144"
    "memorysetup-allocator-temp-initial-block-size-worker=262144"
    "memorysetup-temp-allocator-size-background-worker=32768"
    "memorysetup-temp-allocator-size-job-worker=262144"
    "memorysetup-temp-allocator-size-preload-manager=33554432"
    "memorysetup-temp-allocator-size-nav-mesh-worker=65536"
    "memorysetup-temp-allocator-size-audio-worker=65536"
    "memorysetup-temp-allocator-size-cloud-worker=32768"
    "memorysetup-temp-allocator-size-gi-baking-worker=262144"
    "memorysetup-temp-allocator-size-gfx=262144"
Player connection [11020] Host "[IP] 192.168.0.7 [Port] 0 [Flags] 2 [Guid] 2065581830 [EditorId] 2065581830 [Version] 1048832 [Id] WindowsEditor(7,HOME-PC) [Debug] 1 [PackageName] WindowsEditor [ProjectName] Editor" joined multi-casting on [225.0.0.222:54997]...

Player connection [11020] Host "[IP] 192.168.0.7 [Port] 0 [Flags] 2 [Guid] 2065581830 [EditorId] 2065581830 [Version] 1048832 [Id] WindowsEditor(7,HOME-PC) [Debug] 1 [PackageName] WindowsEditor [ProjectName] Editor" joined alternative multi-casting on [225.0.0.222:34997]...

[Physics::Module] Initialized MultithreadedJobDispatcher with 11 workers.
Refreshing native plugins compatible for Editor in 10.59 ms, found 3 plugins.
Preloading 0 native plugins for Editor in 0.00 ms.
Initialize engine version: 2022.3.12f1 (4fe6e059c7ef)
[Subsystems] Discovering subsystems at path D:/UnityProgramm/2022.3.12f1/Editor/Data/Resources/UnitySubsystems
[Subsystems] Discovering subsystems at path E:/nukio_games/HorrorProjectOct/HorrorHDRP/Assets
GfxDevice: creating device client; threaded=0; jobified=0
Direct3D:
    Version:  Direct3D 11.0 [level 11.1]
    Renderer: NVIDIA GeForce GTX 1660 (ID=0x2184)
    Vendor:   NVIDIA
    VRAM:     5980 MB
    Driver:   31.0.15.3742
Initialize mono
Mono path[0] = 'D:/UnityProgramm/2022.3.12f1/Editor/Data/Managed'
Mono path[1] = 'D:/UnityProgramm/2022.3.12f1/Editor/Data/MonoBleedingEdge/lib/mono/unityjit-win32'
Mono config path = 'D:/UnityProgramm/2022.3.12f1/Editor/Data/MonoBleedingEdge/etc'
Using monoOptions --debugger-agent=transport=dt_socket,embedding=1,server=y,suspend=n,address=127.0.0.1:56372
Begin MonoManager ReloadAssembly
Registering precompiled unity dll's ...
Register platform support module: D:/UnityProgramm/2022.3.12f1/Editor/Data/PlaybackEngines/WebGLSupport/UnityEditor.WebGL.Extensions.dll
Register platform support module: D:/UnityProgramm/2022.3.12f1/Editor/Data/PlaybackEngines/AndroidPlayer/UnityEditor.Android.Extensions.dll
Register platform support module: D:/UnityProgramm/2022.3.12f1/Editor/Data/PlaybackEngines/WindowsStandaloneSupport/UnityEditor.WindowsStandalone.Extensions.dll
Registered in 0.011274 seconds.
- Loaded All Assemblies, in  0.490 seconds
Native extension for WindowsStandalone target not found
Native extension for Android target not found
Android Extension - Scanning For ADB Devices 471 ms
Native extension for WebGL target not found
Mono: successfully reloaded assembly
- Finished resetting the current domain, in  1.007 seconds
Domain Reload Profiling: 1498ms
	BeginReloadAssembly (139ms)
		ExecutionOrderSort (0ms)
		DisableScriptedObjects (0ms)
		BackupInstance (0ms)
		ReleaseScriptingObjects (0ms)
		CreateAndSetChildDomain (1ms)
	RebuildCommonClasses (50ms)
	RebuildNativeTypeToScriptingClass (17ms)
	initialDomainReloadingComplete (74ms)
	LoadAllAssembliesAndSetupDomain (210ms)
		LoadAssemblies (137ms)
		RebuildTransferFunctionScriptingTraits (0ms)
		AnalyzeDomain (207ms)
			TypeCache.Refresh (205ms)
				TypeCache.ScanAssembly (190ms)
			ScanForSourceGeneratedMonoScriptInfo (0ms)
			ResolveRequiredComponents (1ms)
	FinalizeReload (1008ms)
		ReleaseScriptCaches (0ms)
		RebuildScriptCaches (0ms)
		SetupLoadedEditorAssemblies (926ms)
			LogAssemblyErrors (0ms)
			InitializePlatformSupportModulesInManaged (624ms)
			SetLoadedEditorAssemblies (6ms)
			RefreshPlugins (0ms)
			BeforeProcessingInitializeOnLoad (4ms)
			ProcessInitializeOnLoadAttributes (194ms)
			ProcessInitializeOnLoadMethodAttributes (97ms)
			AfterProcessingInitializeOnLoad (0ms)
			EditorAssembliesLoaded (0ms)
		ExecutionOrderSort2 (0ms)
		AwakeInstancesAfterBackupRestoration (0ms)
========================================================================
Worker process is ready to serve import requests
Begin MonoManager ReloadAssembly
- Loaded All Assemblies, in  1.084 seconds
Refreshing native plugins compatible for Editor in 3.77 ms, found 3 plugins.
Native extension for WindowsStandalone target not found
Native extension for Android target not found
Native extension for WebGL target not found
Package Manager log level set to [2]
[Package Manager] Server::EnsureServerProcessIsRunning -- launch failed, reason: Unity was launched with the -noUpm command-line argument
[Package Manager] UpmClient::Send -- Unable to send message (not connected to UPM process).
[Package Manager] Cannot connect to Unity Package Manager local server
Mono: successfully reloaded assembly
- Finished resetting the current domain, in  1.746 seconds
Domain Reload Profiling: 2830ms
	BeginReloadAssembly (229ms)
		ExecutionOrderSort (0ms)
		DisableScriptedObjects (8ms)
		BackupInstance (0ms)
		ReleaseScriptingObjects (0ms)
		CreateAndSetChildDomain (28ms)
	RebuildCommonClasses (59ms)
	RebuildNativeTypeToScriptingClass (20ms)
	initialDomainReloadingComplete (54ms)
	LoadAllAssembliesAndSetupDomain (721ms)
		LoadAssemblies (435ms)
		RebuildTransferFunctionScriptingTraits (0ms)
		AnalyzeDomain (429ms)
			TypeCache.Refresh (369ms)
				TypeCache.ScanAssembly (346ms)
			ScanForSourceGeneratedMonoScriptInfo (40ms)
			ResolveRequiredComponents (18ms)
	FinalizeReload (1747ms)
		ReleaseScriptCaches (0ms)
		RebuildScriptCaches (0ms)
		SetupLoadedEditorAssemblies (1410ms)
			LogAssemblyErrors (0ms)
			InitializePlatformSupportModulesInManaged (35ms)
			SetLoadedEditorAssemblies (4ms)
			RefreshPlugins (0ms)
			BeforeProcessingInitializeOnLoad (106ms)
			ProcessInitializeOnLoadAttributes (804ms)
			ProcessInitializeOnLoadMethodAttributes (455ms)
			AfterProcessingInitializeOnLoad (6ms)
			EditorAssembliesLoaded (0ms)
		ExecutionOrderSort2 (0ms)
		AwakeInstancesAfterBackupRestoration (14ms)
Launched and connected shader compiler UnityShaderCompiler.exe after 0.08 seconds
Refreshing native plugins compatible for Editor in 5.69 ms, found 3 plugins.
Preloading 0 native plugins for Editor in 0.00 ms.
Unloading 6205 Unused Serialized files (Serialized files now loaded: 0)
Unloading 99 unused Assets / (3.6 MB). Loaded Objects now: 6672.
Memory consumption went from 289.5 MB to 286.0 MB.
Total: 11.079900 ms (FindLiveObjects: 0.986500 ms CreateObjectMapping: 1.317700 ms MarkObjects: 6.697700 ms  DeleteObjects: 2.075400 ms)

AssetImportParameters requested are different than current active one (requested -> active):
  custom:container-demuxer-ogg: 62fdf1f143b41e24485cea50d1cbac27 -> 
  custom:video-decoder-ogg-theora: a1e56fd34408186e4bbccfd4996cb3dc -> 
  custom:framework-win-MediaFoundation: 216162199b28c13a410421893ffa2e32 -> 
  custom:container-demuxer-webm: 4f35f7cbe854078d1ac9338744f61a02 -> 
  custom:container-muxer-webm: aa71ff27fc2769a1b78a27578f13a17b -> 
  custom:video-decoder-webm-vp8: 9c59270c3fd7afecdb556c50c9e8de78 -> 
  custom:SearchIndexIgnoredProperties: e643bd26f0fe6173181afceb89e7c659 -> 
  custom:AudioImporter_EditorPlatform: d09bf68614088b80899f8185d706f6e7 -> 
  custom:video-encoder-webm-vp8: eb34c28f22e8b96e1ab97ce403110664 -> 
  custom:audio-decoder-ogg-vorbis: bf7c407c2cedff20999df2af8eb42d56 -> 
  custom:audio-encoder-webm-vorbis: bf7c407c2cedff20999df2af8eb42d56 -> 
========================================================================
Received Prepare
Refreshing native plugins compatible for Editor in 7.35 ms, found 3 plugins.
Preloading 0 native plugins for Editor in 0.00 ms.
Unloading 22 Unused Serialized files (Serialized files now loaded: 0)
Unloading 22 unused Assets / (3.5 MB). Loaded Objects now: 6672.
Memory consumption went from 155.9 MB to 152.4 MB.
Total: 10.684700 ms (FindLiveObjects: 0.899600 ms CreateObjectMapping: 0.592700 ms MarkObjects: 7.085800 ms  DeleteObjects: 2.104600 ms)

Prepare: number of updated asset objects reloaded= 0
AssetImportParameters requested are different than current active one (requested -> active):
  custom:container-demuxer-ogg: 62fdf1f143b41e24485cea50d1cbac27 -> 
  custom:video-decoder-ogg-theora: a1e56fd34408186e4bbccfd4996cb3dc -> 
  custom:framework-win-MediaFoundation: 216162199b28c13a410421893ffa2e32 -> 
  custom:CustomObjectIndexerAttribute: 756ad292c208cfabdd7b50bc23989ffe -> 
  custom:container-demuxer-webm: 4f35f7cbe854078d1ac9338744f61a02 -> 
  custom:container-muxer-webm: aa71ff27fc2769a1b78a27578f13a17b -> 
  custom:video-decoder-webm-vp8: 9c59270c3fd7afecdb556c50c9e8de78 -> 
  custom:SearchIndexIgnoredProperties: e643bd26f0fe6173181afceb89e7c659 -> 
  custom:AudioImporter_EditorPlatform: d09bf68614088b80899f8185d706f6e7 -> 
  custom:video-encoder-webm-vp8: eb34c28f22e8b96e1ab97ce403110664 -> 
  custom:audio-decoder-ogg-vorbis: bf7c407c2cedff20999df2af8eb42d56 -> 
  custom:audio-encoder-webm-vorbis: bf7c407c2cedff20999df2af8eb42d56 -> 
========================================================================
Received Import Request.
  Time since last request: 2988.168020 seconds.
  path: Assets/Readme.asset
  artifactKey: Guid(7f2c382dc2c22446db59030979f6e495) Importer(815301076,1909f56bfc062723c751e8b465ee728b)
Start importing Assets/Readme.asset using Guid(7f2c382dc2c22446db59030979f6e495) Importer(815301076,1909f56bfc062723c751e8b465ee728b)  -> (artifact id: '4b23efacc73f9aca88070b9c88ecbbf8') in 0.037709 seconds
Number of updated asset objects reloaded before import = 0
Number of asset objects unloaded after import = 2
========================================================================
Received Prepare
Begin MonoManager ReloadAssembly
- Loaded All Assemblies, in  1.022 seconds
Refreshing native plugins compatible for Editor in 4.23 ms, found 3 plugins.
Native extension for WindowsStandalone target not found
Native extension for Android target not found
Native extension for WebGL target not found
[Package Manager] Server::EnsureServerProcessIsRunning -- launch failed, reason: Unity was launched with the -noUpm command-line argument
[Package Manager] UpmClient::Send -- Unable to send message (not connected to UPM process).
[Package Manager] Cannot connect to Unity Package Manager local server
Mono: successfully reloaded assembly
- Finished resetting the current domain, in  2.265 seconds
Domain Reload Profiling: 3287ms
	BeginReloadAssembly (222ms)
		ExecutionOrderSort (0ms)
		DisableScriptedObjects (6ms)
		BackupInstance (0ms)
		ReleaseScriptingObjects (0ms)
		CreateAndSetChildDomain (50ms)
	RebuildCommonClasses (52ms)
	RebuildNativeTypeToScriptingClass (21ms)
	initialDomainReloadingComplete (34ms)
	LoadAllAssembliesAndSetupDomain (692ms)
		LoadAssemblies (477ms)
		RebuildTransferFunctionScriptingTraits (0ms)
		AnalyzeDomain (329ms)
			TypeCache.Refresh (266ms)
				TypeCache.ScanAssembly (245ms)
			ScanForSourceGeneratedMonoScriptInfo (37ms)
			ResolveRequiredComponents (23ms)
	FinalizeReload (2266ms)
		ReleaseScriptCaches (0ms)
		RebuildScriptCaches (0ms)
		SetupLoadedEditorAssemblies (883ms)
			LogAssemblyErrors (0ms)
			InitializePlatformSupportModulesInManaged (47ms)
			SetLoadedEditorAssemblies (7ms)
			RefreshPlugins (0ms)
			BeforeProcessingInitializeOnLoad (154ms)
			ProcessInitializeOnLoadAttributes (612ms)
			ProcessInitializeOnLoadMethodAttributes (59ms)
			AfterProcessingInitializeOnLoad (4ms)
			EditorAssembliesLoaded (0ms)
		ExecutionOrderSort2 (0ms)
		AwakeInstancesAfterBackupRestoration (118ms)
Refreshing native plugins compatible for Editor in 5.60 ms, found 3 plugins.
Preloading 0 native plugins for Editor in 0.00 ms.
Unloading 6456 Unused Serialized files (Serialized files now loaded: 0)
Unloading 80 unused Assets / (3.7 MB). Loaded Objects now: 7260.
Memory consumption went from 265.7 MB to 261.9 MB.
Total: 6.560800 ms (FindLiveObjects: 0.761900 ms CreateObjectMapping: 0.498500 ms MarkObjects: 4.017900 ms  DeleteObjects: 1.280300 ms)

Prepare: number of updated asset objects reloaded= 0
AssetImportParameters requested are different than current active one (requested -> active):
  custom:container-demuxer-ogg: 62fdf1f143b41e24485cea50d1cbac27 -> 
  custom:framework-win-MediaFoundation: 216162199b28c13a410421893ffa2e32 -> 
  custom:container-muxer-webm: aa71ff27fc2769a1b78a27578f13a17b -> 
  custom:video-decoder-webm-vp8: 9c59270c3fd7afecdb556c50c9e8de78 -> 
  custom:SearchIndexIgnoredProperties: e643bd26f0fe6173181afceb89e7c659 -> 
  custom:AudioImporter_EditorPlatform: d09bf68614088b80899f8185d706f6e7 -> 
  custom:audio-decoder-ogg-vorbis: bf7c407c2cedff20999df2af8eb42d56 -> 
  custom:audio-encoder-webm-vorbis: bf7c407c2cedff20999df2af8eb42d56 -> 
  custom:video-decoder-ogg-theora: a1e56fd34408186e4bbccfd4996cb3dc -> 
  custom:CustomObjectIndexerAttribute: 756ad292c208cfabdd7b50bc23989ffe -> 
  custom:container-demuxer-webm: 4f35f7cbe854078d1ac9338744f61a02 -> 
  custom:video-encoder-webm-vp8: eb34c28f22e8b96e1ab97ce403110664 -> 
========================================================================
Received Import Request.
  Time since last request: 215.893655 seconds.
  path: Assets/Horri-Fi
  artifactKey: Guid(45e8ba8c650a5584da1a9cd2ba7f94e0) Importer(815301076,1909f56bfc062723c751e8b465ee728b)
Start importing Assets/Horri-Fi using Guid(45e8ba8c650a5584da1a9cd2ba7f94e0) Importer(815301076,1909f56bfc062723c751e8b465ee728b)  -> (artifact id: '5f30d9c94886fff0b0216fb5ec21bb98') in 0.002020 seconds
Number of updated asset objects reloaded before import = 0
Number of asset objects unloaded after import = 0
========================================================================
Received Import Request.
  Time since last request: 3.814398 seconds.
  path: Assets/VHS_Shop
  artifactKey: Guid(ce1f6f96cf5c65a4fb230cc47be06fa9) Importer(815301076,1909f56bfc062723c751e8b465ee728b)
Start importing Assets/VHS_Shop using Guid(ce1f6f96cf5c65a4fb230cc47be06fa9) Importer(815301076,1909f56bfc062723c751e8b465ee728b)  -> (artifact id: '9ba6fe1a165aedf03b481ddb498cc535') in 0.000748 seconds
Number of updated asset objects reloaded before import = 0
Number of asset objects unloaded after import = 0
========================================================================
Received Import Request.
  Time since last request: 0.866874 seconds.
  path: Assets/VHS_Shop/VHS_Shop.unitypackage
  artifactKey: Guid(56560172db0144d4bbdc5d80ce2fa1cd) Importer(815301076,1909f56bfc062723c751e8b465ee728b)
Start importing Assets/VHS_Shop/VHS_Shop.unitypackage using Guid(56560172db0144d4bbdc5d80ce2fa1cd) Importer(815301076,1909f56bfc062723c751e8b465ee728b)  -> (artifact id: 'e3e94879e49c16c6db1972a8448059b2') in 0.011657 seconds
Number of updated asset objects reloaded before import = 0
Number of asset objects unloaded after import = 1
========================================================================
Received Import Request.
  Time since last request: 121.199532 seconds.
  path: Assets/VHS_Shop/Models
  artifactKey: Guid(398c47b13940102428effb2f618015d3) Importer(815301076,1909f56bfc062723c751e8b465ee728b)
Start importing Assets/VHS_Shop/Models using Guid(398c47b13940102428effb2f618015d3) Importer(815301076,1909f56bfc062723c751e8b465ee728b)  -> (artifact id: '3357758525b4ab60ddd52c29e8d6b496') in 0.000565 seconds
Number of updated asset objects reloaded before import = 0
Number of asset objects unloaded after import = 0
========================================================================
Received Import Request.
  Time since last request: 0.030691 seconds.
  path: Assets/VHS_Shop/Models/Shop_VHS.fbx
  artifactKey: Guid(09c7c3ed3785d0742abbf75da858153f) Importer(815301076,1909f56bfc062723c751e8b465ee728b)
Start importing Assets/VHS_Shop/Models/Shop_VHS.fbx using Guid(09c7c3ed3785d0742abbf75da858153f) Importer(815301076,1909f56bfc062723c751e8b465ee728b) Launched and connected shader compiler UnityShaderCompiler.exe after 0.06 seconds
 -> (artifact id: '68e05a60c57647eefb37f0093aee7077') in 10.996052 seconds
Number of updated asset objects reloaded before import = 0
Number of asset objects unloaded after import = 1501
========================================================================
Received Import Request.
  Time since last request: 19.796051 seconds.
  path: Assets/satara_night_no_lamps_4k.exr
  artifactKey: Guid(b3d6b070cb4bd1a4585aa28f9218a9c3) Importer(815301076,1909f56bfc062723c751e8b465ee728b)
Start importing Assets/satara_night_no_lamps_4k.exr using Guid(b3d6b070cb4bd1a4585aa28f9218a9c3) Importer(815301076,1909f56bfc062723c751e8b465ee728b)  -> (artifact id: 'dfa8e23e33c7a47a68ae22c30796afc7') in 0.151704 seconds
Number of updated asset objects reloaded before import = 0
Number of asset objects unloaded after import = 1
========================================================================
Received Import Request.
  Time since last request: 7.137537 seconds.
  path: Assets/VHS shop
  artifactKey: Guid(1437038014e7acc4c83115aed522deba) Importer(815301076,1909f56bfc062723c751e8b465ee728b)
Start importing Assets/VHS shop using Guid(1437038014e7acc4c83115aed522deba) Importer(815301076,1909f56bfc062723c751e8b465ee728b)  -> (artifact id: '86890619ad1e2a7ad83f3d43a84ab3d1') in 0.000653 seconds
Number of updated asset objects reloaded before import = 0
Number of asset objects unloaded after import = 0
========================================================================
Received Import Request.
  Time since last request: 2.145423 seconds.
  path: Assets/VHS shop/Scene
  artifactKey: Guid(f0b35c03f3cbf2d4d9ba55f912125057) Importer(815301076,1909f56bfc062723c751e8b465ee728b)
Start importing Assets/VHS shop/Scene using Guid(f0b35c03f3cbf2d4d9ba55f912125057) Importer(815301076,1909f56bfc062723c751e8b465ee728b)  -> (artifact id: '9d048e67ee908fa9f7137d4d4e7542d0') in 0.000592 seconds
Number of updated asset objects reloaded before import = 0
Number of asset objects unloaded after import = 0
========================================================================
Received Import Request.
  Time since last request: 1.499168 seconds.
  path: Assets/VHS shop/Prefabs
  artifactKey: Guid(f4f9e8d45602a28458f7777b31f67101) Importer(815301076,1909f56bfc062723c751e8b465ee728b)
Start importing Assets/VHS shop/Prefabs using Guid(f4f9e8d45602a28458f7777b31f67101) Importer(815301076,1909f56bfc062723c751e8b465ee728b)  -> (artifact id: 'a24fca0f27ff18900cb25354d19e52ea') in 0.000606 seconds
Number of updated asset objects reloaded before import = 0
Number of asset objects unloaded after import = 0
========================================================================
Received Import Request.
  Time since last request: 0.029126 seconds.
  path: Assets/VHS shop/Prefabs/Shop_VHS.prefab
  artifactKey: Guid(7e231f6422b387a48a4560d01063f787) Importer(815301076,1909f56bfc062723c751e8b465ee728b)
Start importing Assets/VHS shop/Prefabs/Shop_VHS.prefab using Guid(7e231f6422b387a48a4560d01063f787) Importer(815301076,1909f56bfc062723c751e8b465ee728b)  -> (artifact id: '0492c0d18630201bfcc7b78c49659aa4') in 0.205099 seconds
Number of updated asset objects reloaded before import = 0
Number of asset objects unloaded after import = 2562
========================================================================
Received Import Request.
  Time since last request: 3.146505 seconds.
  path: Assets/VHS shop/Scene/Demo
  artifactKey: Guid(dd26a842dd5d3f441a59062923c29eea) Importer(815301076,1909f56bfc062723c751e8b465ee728b)
Start importing Assets/VHS shop/Scene/Demo using Guid(dd26a842dd5d3f441a59062923c29eea) Importer(815301076,1909f56bfc062723c751e8b465ee728b)  -> (artifact id: '1d086e26286eff340c4b39b24d2f8f8a') in 0.002000 seconds
Number of updated asset objects reloaded before import = 0
Number of asset objects unloaded after import = 0
========================================================================
Received Import Request.
  Time since last request: 0.030887 seconds.
  path: Assets/VHS shop/Scene/Demo/LightingData.asset
  artifactKey: Guid(fd6e750324b3ce44dbb2852f108eb3c7) Importer(815301076,1909f56bfc062723c751e8b465ee728b)
Start importing Assets/VHS shop/Scene/Demo/LightingData.asset using Guid(fd6e750324b3ce44dbb2852f108eb3c7) Importer(815301076,1909f56bfc062723c751e8b465ee728b)  -> (artifact id: '9048bd10b7258a73fd071a086e6eff16') in 0.001725 seconds
Number of updated asset objects reloaded before import = 0
Number of asset objects unloaded after import = 1
========================================================================
Received Import Request.
  Time since last request: 0.003209 seconds.
  path: Assets/VHS shop/Scene/Demo/Lightmap-0_comp_shadowmask.png
  artifactKey: Guid(ef0da8683132ce445aefd1ddafc47c09) Importer(815301076,1909f56bfc062723c751e8b465ee728b)
Start importing Assets/VHS shop/Scene/Demo/Lightmap-0_comp_shadowmask.png using Guid(ef0da8683132ce445aefd1ddafc47c09) Importer(815301076,1909f56bfc062723c751e8b465ee728b)  -> (artifact id: 'd29c2ec8e3a2c871fb48dd810b814cf9') in 0.025101 seconds
Number of updated asset objects reloaded before import = 0
Number of asset objects unloaded after import = 2
========================================================================
Received Import Request.
  Time since last request: 0.000039 seconds.
  path: Assets/VHS shop/Scene/Demo/Lightmap-3_comp_light.exr
  artifactKey: Guid(83e66656fbb26944584ed6741a0b5f5d) Importer(815301076,1909f56bfc062723c751e8b465ee728b)
Start importing Assets/VHS shop/Scene/Demo/Lightmap-3_comp_light.exr using Guid(83e66656fbb26944584ed6741a0b5f5d) Importer(815301076,1909f56bfc062723c751e8b465ee728b)  -> (artifact id: '8d32bdd2b7bd3cc8fe434938ed756a68') in 0.031642 seconds
Number of updated asset objects reloaded before import = 0
Number of asset objects unloaded after import = 2
========================================================================
Received Import Request.
  Time since last request: 0.000059 seconds.
  path: Assets/VHS shop/Scene/Demo/Lightmap-5_comp_shadowmask.png
  artifactKey: Guid(48d7511bf284d774c95806b34cb7823f) Importer(815301076,1909f56bfc062723c751e8b465ee728b)
Start importing Assets/VHS shop/Scene/Demo/Lightmap-5_comp_shadowmask.png using Guid(48d7511bf284d774c95806b34cb7823f) Importer(815301076,1909f56bfc062723c751e8b465ee728b)  -> (artifact id: 'ae19f73575d5bbf9ca2731991e838492') in 0.010838 seconds
Number of updated asset objects reloaded before import = 0
Number of asset objects unloaded after import = 2
========================================================================
Received Import Request.
  Time since last request: 0.000045 seconds.
  path: Assets/VHS shop/Scene/Demo/Lightmap-2_comp_light.exr
  artifactKey: Guid(0a1a4c44408a7464486fa8d9277047cc) Importer(815301076,1909f56bfc062723c751e8b465ee728b)
Start importing Assets/VHS shop/Scene/Demo/Lightmap-2_comp_light.exr using Guid(0a1a4c44408a7464486fa8d9277047cc) Importer(815301076,1909f56bfc062723c751e8b465ee728b)  -> (artifact id: 'f40320d809117ab3f110c343233ef7a3') in 0.019388 seconds
Number of updated asset objects reloaded before import = 0
Number of asset objects unloaded after import = 2
========================================================================
Received Import Request.
  Time since last request: 0.000042 seconds.
  path: Assets/VHS shop/Scene/Demo/Lightmap-4_comp_shadowmask.png
  artifactKey: Guid(7b06d38370b26824aad8c230ba7f6137) Importer(815301076,1909f56bfc062723c751e8b465ee728b)
Start importing Assets/VHS shop/Scene/Demo/Lightmap-4_comp_shadowmask.png using Guid(7b06d38370b26824aad8c230ba7f6137) Importer(815301076,1909f56bfc062723c751e8b465ee728b)  -> (artifact id: 'f75cc1f34c15e91968b52ebfaac0c41e') in 0.009927 seconds
Number of updated asset objects reloaded before import = 0
Number of asset objects unloaded after import = 2
========================================================================
Received Import Request.
  Time since last request: 0.000030 seconds.
  path: Assets/VHS shop/Scene/Demo/Lightmap-3_comp_dir.png
  artifactKey: Guid(a74b1aae06380db4f90656e189a31068) Importer(815301076,1909f56bfc062723c751e8b465ee728b)
Start importing Assets/VHS shop/Scene/Demo/Lightmap-3_comp_dir.png using Guid(a74b1aae06380db4f90656e189a31068) Importer(815301076,1909f56bfc062723c751e8b465ee728b)  -> (artifact id: '6bde5cc39649b513f5fc00eea4027865') in 0.019668 seconds
Number of updated asset objects reloaded before import = 0
Number of asset objects unloaded after import = 2
========================================================================
Received Import Request.
  Time since last request: 0.000028 seconds.
  path: Assets/VHS shop/Scene/Demo/Lightmap-0_comp_light.exr
  artifactKey: Guid(5f923e9176a11774db44a3c11e6bad47) Importer(815301076,1909f56bfc062723c751e8b465ee728b)
Start importing Assets/VHS shop/Scene/Demo/Lightmap-0_comp_light.exr using Guid(5f923e9176a11774db44a3c11e6bad47) Importer(815301076,1909f56bfc062723c751e8b465ee728b)  -> (artifact id: '7c5d8fd9f29f2f3c74e9f24c994517e1') in 0.016377 seconds
Number of updated asset objects reloaded before import = 0
Number of asset objects unloaded after import = 2
========================================================================
Received Import Request.
  Time since last request: 0.000045 seconds.
  path: Assets/VHS shop/Scene/Demo/Lightmap-6_comp_dir.png
  artifactKey: Guid(a9475e2d100dba14f982461f6c9ec1e5) Importer(815301076,1909f56bfc062723c751e8b465ee728b)
Start importing Assets/VHS shop/Scene/Demo/Lightmap-6_comp_dir.png using Guid(a9475e2d100dba14f982461f6c9ec1e5) Importer(815301076,1909f56bfc062723c751e8b465ee728b)  -> (artifact id: '7740b4bfd660101d4e21f3088dd0beab') in 0.021344 seconds
Number of updated asset objects reloaded before import = 0
Number of asset objects unloaded after import = 2
========================================================================
Received Import Request.
  Time since last request: 0.000033 seconds.
  path: Assets/VHS shop/Scene/Demo/Lightmap-5_comp_dir.png
  artifactKey: Guid(40b90bb0a6f82504d81b1dc2308505dd) Importer(815301076,1909f56bfc062723c751e8b465ee728b)
Start importing Assets/VHS shop/Scene/Demo/Lightmap-5_comp_dir.png using Guid(40b90bb0a6f82504d81b1dc2308505dd) Importer(815301076,1909f56bfc062723c751e8b465ee728b)  -> (artifact id: 'bf0b87bb53c61422607019c83f1916f5') in 0.018322 seconds
Number of updated asset objects reloaded before import = 0
Number of asset objects unloaded after import = 2
========================================================================
Received Import Request.
  Time since last request: 0.000055 seconds.
  path: Assets/VHS shop/Scene/Demo/Lightmap-4_comp_light.exr
  artifactKey: Guid(326e8ac36062bfe43ab222af10ffc9f2) Importer(815301076,1909f56bfc062723c751e8b465ee728b)
Start importing Assets/VHS shop/Scene/Demo/Lightmap-4_comp_light.exr using Guid(326e8ac36062bfe43ab222af10ffc9f2) Importer(815301076,1909f56bfc062723c751e8b465ee728b)  -> (artifact id: '9c3ab19ba44ce6c409c3e1289746eadd') in 0.022186 seconds
Number of updated asset objects reloaded before import = 0
Number of asset objects unloaded after import = 2
========================================================================
Received Import Request.
  Time since last request: 0.000043 seconds.
  path: Assets/VHS shop/Scene/Demo/Lightmap-7_comp_dir.png
  artifactKey: Guid(bb694c6dd0750c441853026fedabe6d0) Importer(815301076,1909f56bfc062723c751e8b465ee728b)
Start importing Assets/VHS shop/Scene/Demo/Lightmap-7_comp_dir.png using Guid(bb694c6dd0750c441853026fedabe6d0) Importer(815301076,1909f56bfc062723c751e8b465ee728b)  -> (artifact id: '8f8e7e06e2999c2ba96890ec318fef9e') in 0.017857 seconds
Number of updated asset objects reloaded before import = 0
Number of asset objects unloaded after import = 2
========================================================================
Received Import Request.
  Time since last request: 2.600106 seconds.
  path: Assets/VHS shop/Scene/Demo.unity
  artifactKey: Guid(207de4f4891cb1f48b3869c9747b3990) Importer(815301076,1909f56bfc062723c751e8b465ee728b)
Start importing Assets/VHS shop/Scene/Demo.unity using Guid(207de4f4891cb1f48b3869c9747b3990) Importer(815301076,1909f56bfc062723c751e8b465ee728b)  -> (artifact id: '16bd2401ab98453bf37ac4d1333dfe30') in 0.000849 seconds
Number of updated asset objects reloaded before import = 0
Number of asset objects unloaded after import = 0
========================================================================
Received Import Request.
  Time since last request: 10.632217 seconds.
  path: Assets/VHS_Shop/Textures/Board.jpg
  artifactKey: Guid(556731811c872d14e8360fa9b57d0291) Importer(815301076,1909f56bfc062723c751e8b465ee728b)
Start importing Assets/VHS_Shop/Textures/Board.jpg using Guid(556731811c872d14e8360fa9b57d0291) Importer(815301076,1909f56bfc062723c751e8b465ee728b)  -> (artifact id: '8784bf83dab415c87a745ae56ba5ecf1') in 0.018236 seconds
Number of updated asset objects reloaded before import = 0
Number of asset objects unloaded after import = 2
========================================================================
Received Import Request.
  Time since last request: 0.000035 seconds.
  path: Assets/VHS_Shop/Textures/Doors.jpg
  artifactKey: Guid(6a0dd73ed5129694d89b770679480ef9) Importer(815301076,1909f56bfc062723c751e8b465ee728b)
Start importing Assets/VHS_Shop/Textures/Doors.jpg using Guid(6a0dd73ed5129694d89b770679480ef9) Importer(815301076,1909f56bfc062723c751e8b465ee728b)  -> (artifact id: '13285944b2442ba2dc5e7db9fe2c776d') in 0.018389 seconds
Number of updated asset objects reloaded before import = 0
Number of asset objects unloaded after import = 2
========================================================================
Received Import Request.
  Time since last request: 0.000041 seconds.
  path: Assets/VHS_Shop/Textures/Cushion.png
  artifactKey: Guid(aab1f4c207ab55b49a8044a5b5a29166) Importer(815301076,1909f56bfc062723c751e8b465ee728b)
Start importing Assets/VHS_Shop/Textures/Cushion.png using Guid(aab1f4c207ab55b49a8044a5b5a29166) Importer(815301076,1909f56bfc062723c751e8b465ee728b)  -> (artifact id: '951f3f083e16e710afbfb6c1e0b37626') in 0.022527 seconds
Number of updated asset objects reloaded before import = 0
Number of asset objects unloaded after import = 2
========================================================================
Received Import Request.
  Time since last request: 0.000038 seconds.
  path: Assets/VHS_Shop/Textures/Interior_objects_01.png
  artifactKey: Guid(e6313a7f3cb9caf40a1a080189d3b8bd) Importer(815301076,1909f56bfc062723c751e8b465ee728b)
Start importing Assets/VHS_Shop/Textures/Interior_objects_01.png using Guid(e6313a7f3cb9caf40a1a080189d3b8bd) Importer(815301076,1909f56bfc062723c751e8b465ee728b)  -> (artifact id: 'b5916ac2f974d4c51d78cf2e6d3b2970') in 0.021241 seconds
Number of updated asset objects reloaded before import = 0
Number of asset objects unloaded after import = 2
========================================================================
Received Import Request.
  Time since last request: 0.000037 seconds.
  path: Assets/VHS_Shop/Textures/Ground_03.jpg
  artifactKey: Guid(6361ffe317543cf47a79cc96bee499c8) Importer(815301076,1909f56bfc062723c751e8b465ee728b)
Start importing Assets/VHS_Shop/Textures/Ground_03.jpg using Guid(6361ffe317543cf47a79cc96bee499c8) Importer(815301076,1909f56bfc062723c751e8b465ee728b)  -> (artifact id: 'bb791886d379949a9ae39bb50b8a293e') in 0.020865 seconds
Number of updated asset objects reloaded before import = 0
Number of asset objects unloaded after import = 2
========================================================================
Received Import Request.
  Time since last request: 0.000031 seconds.
  path: Assets/VHS_Shop/Textures/Concrete_01.png
  artifactKey: Guid(e8627834b3ee04f4eaf46fa1ff3362ed) Importer(815301076,1909f56bfc062723c751e8b465ee728b)
Start importing Assets/VHS_Shop/Textures/Concrete_01.png using Guid(e8627834b3ee04f4eaf46fa1ff3362ed) Importer(815301076,1909f56bfc062723c751e8b465ee728b)  -> (artifact id: '732f9a16cc08edcb509fb7eafd664d48') in 0.022403 seconds
Number of updated asset objects reloaded before import = 0
Number of asset objects unloaded after import = 2
========================================================================
Received Import Request.
  Time since last request: 0.000038 seconds.
  path: Assets/VHS_Shop/Textures/Fiberglass.jpg
  artifactKey: Guid(f958a583cb0c6384d84330595fb11860) Importer(815301076,1909f56bfc062723c751e8b465ee728b)
Start importing Assets/VHS_Shop/Textures/Fiberglass.jpg using Guid(f958a583cb0c6384d84330595fb11860) Importer(815301076,1909f56bfc062723c751e8b465ee728b)  -> (artifact id: '3ba8e2925781b38483ab3d7142cd862e') in 0.020336 seconds
Number of updated asset objects reloaded before import = 0
Number of asset objects unloaded after import = 2
========================================================================
Received Import Request.
  Time since last request: 0.000048 seconds.
  path: Assets/VHS_Shop/Textures/Concrete_02.jpg
  artifactKey: Guid(9bfd2515cd44f3647915987d3c28947c) Importer(815301076,1909f56bfc062723c751e8b465ee728b)
Start importing Assets/VHS_Shop/Textures/Concrete_02.jpg using Guid(9bfd2515cd44f3647915987d3c28947c) Importer(815301076,1909f56bfc062723c751e8b465ee728b)  -> (artifact id: 'ef2e737effb0728d47241e9bdd96aa10') in 0.022668 seconds
Number of updated asset objects reloaded before import = 0
Number of asset objects unloaded after import = 2
========================================================================
Received Import Request.
  Time since last request: 29.119358 seconds.
  path: Assets/VHS shop/Textures/Board.jpg
  artifactKey: Guid(4a393072817b5d24ea1e97e79ed6d3d8) Importer(815301076,1909f56bfc062723c751e8b465ee728b)
Start importing Assets/VHS shop/Textures/Board.jpg using Guid(4a393072817b5d24ea1e97e79ed6d3d8) Importer(815301076,1909f56bfc062723c751e8b465ee728b)  -> (artifact id: '39798dddb2e83ec36fb8542a4cd88185') in 0.017722 seconds
Number of updated asset objects reloaded before import = 0
Number of asset objects unloaded after import = 2
========================================================================
Received Import Request.
  Time since last request: 0.000032 seconds.
  path: Assets/VHS shop/Textures/Concrete_02.jpg
  artifactKey: Guid(c5e234ae635260e4abf9dcee6d5c0a4e) Importer(815301076,1909f56bfc062723c751e8b465ee728b)
Start importing Assets/VHS shop/Textures/Concrete_02.jpg using Guid(c5e234ae635260e4abf9dcee6d5c0a4e) Importer(815301076,1909f56bfc062723c751e8b465ee728b)  -> (artifact id: '5e1e7a0f4b1007be938df01a3781ac26') in 0.018651 seconds
Number of updated asset objects reloaded before import = 0
Number of asset objects unloaded after import = 2
========================================================================
Received Import Request.
  Time since last request: 0.000030 seconds.
  path: Assets/VHS shop/Textures/Fish.jpg
  artifactKey: Guid(3864e8a85ebef8940b6b2e51362e4a3b) Importer(815301076,1909f56bfc062723c751e8b465ee728b)
Start importing Assets/VHS shop/Textures/Fish.jpg using Guid(3864e8a85ebef8940b6b2e51362e4a3b) Importer(815301076,1909f56bfc062723c751e8b465ee728b)  -> (artifact id: 'f69c957baf836d6e32762162c37ed6b2') in 0.011047 seconds
Number of updated asset objects reloaded before import = 0
Number of asset objects unloaded after import = 2
========================================================================
Received Import Request.
  Time since last request: 0.000039 seconds.
  path: Assets/VHS shop/Textures/Concrete.jpg
  artifactKey: Guid(7c620483117891f41bd1c92080bee6de) Importer(815301076,1909f56bfc062723c751e8b465ee728b)
Start importing Assets/VHS shop/Textures/Concrete.jpg using Guid(7c620483117891f41bd1c92080bee6de) Importer(815301076,1909f56bfc062723c751e8b465ee728b)  -> (artifact id: '90490ece284fe481c143072df5c5b92d') in 0.018021 seconds
Number of updated asset objects reloaded before import = 0
Number of asset objects unloaded after import = 2
========================================================================
Received Import Request.
  Time since last request: 0.000049 seconds.
  path: Assets/VHS shop/Textures/documents.jpg
  artifactKey: Guid(fcb894120e2d1e04d931819d10558138) Importer(815301076,1909f56bfc062723c751e8b465ee728b)
Start importing Assets/VHS shop/Textures/documents.jpg using Guid(fcb894120e2d1e04d931819d10558138) Importer(815301076,1909f56bfc062723c751e8b465ee728b)  -> (artifact id: '09245fe72d5aedb57bdfbf5d7ae3abef') in 0.018827 seconds
Number of updated asset objects reloaded before import = 0
Number of asset objects unloaded after import = 2
========================================================================
Received Import Request.
  Time since last request: 0.000037 seconds.
  path: Assets/VHS shop/Textures/Fabric_01.jpg
  artifactKey: Guid(20c8bc1d144b24d4ab827a9f393553ce) Importer(815301076,1909f56bfc062723c751e8b465ee728b)
Start importing Assets/VHS shop/Textures/Fabric_01.jpg using Guid(20c8bc1d144b24d4ab827a9f393553ce) Importer(815301076,1909f56bfc062723c751e8b465ee728b)  -> (artifact id: 'ffa162882608b8a68724bf6792726d76') in 0.019506 seconds
Number of updated asset objects reloaded before import = 0
Number of asset objects unloaded after import = 2
========================================================================
Received Import Request.
  Time since last request: 0.000040 seconds.
  path: Assets/VHS shop/Textures/Cushion.png
  artifactKey: Guid(49ca1edef53d04b49b7e8c728de0a153) Importer(815301076,1909f56bfc062723c751e8b465ee728b)
Start importing Assets/VHS shop/Textures/Cushion.png using Guid(49ca1edef53d04b49b7e8c728de0a153) Importer(815301076,1909f56bfc062723c751e8b465ee728b)  -> (artifact id: 'e31dae8bd1603e8eecdaebdfd5feaa65') in 0.020012 seconds
Number of updated asset objects reloaded before import = 0
Number of asset objects unloaded after import = 2
========================================================================
Received Import Request.
  Time since last request: 0.000029 seconds.
  path: Assets/VHS shop/Textures/Foods.jpg
  artifactKey: Guid(7c05d6f4cbdb8b640894c6cae7444d03) Importer(815301076,1909f56bfc062723c751e8b465ee728b)
Start importing Assets/VHS shop/Textures/Foods.jpg using Guid(7c05d6f4cbdb8b640894c6cae7444d03) Importer(815301076,1909f56bfc062723c751e8b465ee728b)  -> (artifact id: 'c2e30723d3686f4700558ebadad49333') in 0.020067 seconds
Number of updated asset objects reloaded before import = 0
Number of asset objects unloaded after import = 2
========================================================================
Received Import Request.
  Time since last request: 2.536775 seconds.
  path: Assets/VHS shop/Materials/Armchair.mat
  artifactKey: Guid(6e6baa206dd22fa42af443614aae0040) Importer(815301076,1909f56bfc062723c751e8b465ee728b)
Start importing Assets/VHS shop/Materials/Armchair.mat using Guid(6e6baa206dd22fa42af443614aae0040) Importer(815301076,1909f56bfc062723c751e8b465ee728b)  -> (artifact id: 'ce408b617f1c3c5b53a3dc385eaed90d') in 0.022976 seconds
Number of updated asset objects reloaded before import = 0
Number of asset objects unloaded after import = 2
========================================================================
Received Import Request.
  Time since last request: 0.000040 seconds.
  path: Assets/VHS shop/Materials/Coffee_cup.mat
  artifactKey: Guid(edfe8e20968409f418a815a886886cbe) Importer(815301076,1909f56bfc062723c751e8b465ee728b)
Start importing Assets/VHS shop/Materials/Coffee_cup.mat using Guid(edfe8e20968409f418a815a886886cbe) Importer(815301076,1909f56bfc062723c751e8b465ee728b)  -> (artifact id: '8dc5f4073869e6c4fce0491716bb6e87') in 0.015195 seconds
Number of updated asset objects reloaded before import = 0
Number of asset objects unloaded after import = 2
========================================================================
Received Import Request.
  Time since last request: 0.000041 seconds.
  path: Assets/VHS shop/Materials/Ground_02.mat
  artifactKey: Guid(ad954b80e41656c4cb8cac0af3b721c7) Importer(815301076,1909f56bfc062723c751e8b465ee728b)
Start importing Assets/VHS shop/Materials/Ground_02.mat using Guid(ad954b80e41656c4cb8cac0af3b721c7) Importer(815301076,1909f56bfc062723c751e8b465ee728b)  -> (artifact id: 'cdb2bcb981ba517b3b28b73fce314bd5') in 0.014670 seconds
Number of updated asset objects reloaded before import = 0
Number of asset objects unloaded after import = 2
========================================================================
Received Import Request.
  Time since last request: 0.000032 seconds.
  path: Assets/VHS shop/Materials/Foods.mat
  artifactKey: Guid(805fe62ba67eaba4780d7ba474d11f50) Importer(815301076,1909f56bfc062723c751e8b465ee728b)
Start importing Assets/VHS shop/Materials/Foods.mat using Guid(805fe62ba67eaba4780d7ba474d11f50) Importer(815301076,1909f56bfc062723c751e8b465ee728b)  -> (artifact id: 'e87fbf03841713595283ee097b485435') in 0.017281 seconds
Number of updated asset objects reloaded before import = 0
Number of asset objects unloaded after import = 2
========================================================================
Received Import Request.
  Time since last request: 0.000034 seconds.
  path: Assets/VHS shop/Materials/Board.mat
  artifactKey: Guid(e91f5c1a8214ec14f8abf35dc1465ac6) Importer(815301076,1909f56bfc062723c751e8b465ee728b)
Start importing Assets/VHS shop/Materials/Board.mat using Guid(e91f5c1a8214ec14f8abf35dc1465ac6) Importer(815301076,1909f56bfc062723c751e8b465ee728b)  -> (artifact id: '0ca72eb17d1a524d2b9b36f422fa958d') in 0.018669 seconds
Number of updated asset objects reloaded before import = 0
Number of asset objects unloaded after import = 2
========================================================================
Received Import Request.
  Time since last request: 0.000050 seconds.
  path: Assets/VHS shop/Materials/Fabric.mat
  artifactKey: Guid(4618bd7c0d892c64c939d68e77c306d8) Importer(815301076,1909f56bfc062723c751e8b465ee728b)
Start importing Assets/VHS shop/Materials/Fabric.mat using Guid(4618bd7c0d892c64c939d68e77c306d8) Importer(815301076,1909f56bfc062723c751e8b465ee728b)  -> (artifact id: '53721f5228c93d5873aabeedf1349ec7') in 0.015383 seconds
Number of updated asset objects reloaded before import = 0
Number of asset objects unloaded after import = 2
========================================================================
Received Import Request.
  Time since last request: 0.000044 seconds.
  path: Assets/VHS shop/Materials/Door_01.mat
  artifactKey: Guid(80657a93c428d4e47b7eafc39baaef8c) Importer(815301076,1909f56bfc062723c751e8b465ee728b)
Start importing Assets/VHS shop/Materials/Door_01.mat using Guid(80657a93c428d4e47b7eafc39baaef8c) Importer(815301076,1909f56bfc062723c751e8b465ee728b)  -> (artifact id: '7d53f8b3c9cac215448ed251a5ba09b9') in 0.014714 seconds
Number of updated asset objects reloaded before import = 0
Number of asset objects unloaded after import = 2
========================================================================
Received Import Request.
  Time since last request: 0.000029 seconds.
  path: Assets/VHS shop/Materials/Concrete_02.mat
  artifactKey: Guid(551bf5a12f2b57a41889aa1562ae09f2) Importer(815301076,1909f56bfc062723c751e8b465ee728b)
Start importing Assets/VHS shop/Materials/Concrete_02.mat using Guid(551bf5a12f2b57a41889aa1562ae09f2) Importer(815301076,1909f56bfc062723c751e8b465ee728b)  -> (artifact id: '3aa444e9f032844085251ccf1feb641d') in 0.020259 seconds
Number of updated asset objects reloaded before import = 0
Number of asset objects unloaded after import = 2
========================================================================
Received Import Request.
  Time since last request: 0.000161 seconds.
  path: Assets/VHS shop/Materials/Fabric_01.mat
  artifactKey: Guid(92ebc9d585c465647ae899260689eafa) Importer(815301076,1909f56bfc062723c751e8b465ee728b)
Start importing Assets/VHS shop/Materials/Fabric_01.mat using Guid(92ebc9d585c465647ae899260689eafa) Importer(815301076,1909f56bfc062723c751e8b465ee728b)  -> (artifact id: 'f59e0274ef2dd1ec082df615ba4ceec5') in 0.035376 seconds
Number of updated asset objects reloaded before import = 0
Number of asset objects unloaded after import = 2
========================================================================
Received Import Request.
  Time since last request: 0.000058 seconds.
  path: Assets/VHS shop/Materials/Emissor 1.mat
  artifactKey: Guid(a6c02b008054cdb4790bf63845dae9e1) Importer(815301076,1909f56bfc062723c751e8b465ee728b)
Start importing Assets/VHS shop/Materials/Emissor 1.mat using Guid(a6c02b008054cdb4790bf63845dae9e1) Importer(815301076,1909f56bfc062723c751e8b465ee728b)  -> (artifact id: 'c937953142d4bc7f6b71418dbe3762de') in 0.027588 seconds
Number of updated asset objects reloaded before import = 0
Number of asset objects unloaded after import = 1
========================================================================
Received Import Request.
  Time since last request: 0.000086 seconds.
  path: Assets/VHS shop/Materials/Fiberglass.mat
  artifactKey: Guid(d1bd4283aac8c0f4d8a841e16d1d19c3) Importer(815301076,1909f56bfc062723c751e8b465ee728b)
Start importing Assets/VHS shop/Materials/Fiberglass.mat using Guid(d1bd4283aac8c0f4d8a841e16d1d19c3) Importer(815301076,1909f56bfc062723c751e8b465ee728b)  -> (artifact id: '5351a4386d9d84f6e914c380abdc163a') in 0.021500 seconds
Number of updated asset objects reloaded before import = 0
Number of asset objects unloaded after import = 2
========================================================================
Received Import Request.
  Time since last request: 0.000033 seconds.
  path: Assets/VHS shop/Materials/Glass.mat
  artifactKey: Guid(f1cbbaf3f33b1b54eaa5dae83cdf9b65) Importer(815301076,1909f56bfc062723c751e8b465ee728b)
Start importing Assets/VHS shop/Materials/Glass.mat using Guid(f1cbbaf3f33b1b54eaa5dae83cdf9b65) Importer(815301076,1909f56bfc062723c751e8b465ee728b)  -> (artifact id: '72bae94f10c51381c5e1f12a26389eec') in 0.015895 seconds
Number of updated asset objects reloaded before import = 0
Number of asset objects unloaded after import = 1
========================================================================
Received Import Request.
  Time since last request: 46.926437 seconds.
  path: Assets/halloween/Textures/Body.png
  artifactKey: Guid(3d386c3e7dd9fad4a9db08c5feb38b3e) Importer(815301076,1909f56bfc062723c751e8b465ee728b)
Start importing Assets/halloween/Textures/Body.png using Guid(3d386c3e7dd9fad4a9db08c5feb38b3e) Importer(815301076,1909f56bfc062723c751e8b465ee728b)  -> (artifact id: '225667ea5242c8f0fb9b65b60d978f28') in 0.019040 seconds
Number of updated asset objects reloaded before import = 0
Number of asset objects unloaded after import = 2
========================================================================
Received Import Request.
  Time since last request: 0.000032 seconds.
  path: Assets/halloween/Textures/Concrete.jpg
  artifactKey: Guid(03950b0c968337647bf74e5aa6f4731f) Importer(815301076,1909f56bfc062723c751e8b465ee728b)
Start importing Assets/halloween/Textures/Concrete.jpg using Guid(03950b0c968337647bf74e5aa6f4731f) Importer(815301076,1909f56bfc062723c751e8b465ee728b)  -> (artifact id: 'e9d2d713e4b4737de59bfd574b7fe9a8') in 0.018479 seconds
Number of updated asset objects reloaded before import = 0
Number of asset objects unloaded after import = 2
========================================================================
Received Import Request.
  Time since last request: 0.000052 seconds.
  path: Assets/halloween/Textures/Coffin_01.png
  artifactKey: Guid(ab1cba7ed9100f74ab5905d904560832) Importer(815301076,1909f56bfc062723c751e8b465ee728b)
Start importing Assets/halloween/Textures/Coffin_01.png using Guid(ab1cba7ed9100f74ab5905d904560832) Importer(815301076,1909f56bfc062723c751e8b465ee728b)  -> (artifact id: 'dd8b5acc4ca76c3e3b6062882f2a013d') in 0.026919 seconds
Number of updated asset objects reloaded before import = 0
Number of asset objects unloaded after import = 2
========================================================================
Received Import Request.
  Time since last request: 0.000027 seconds.
  path: Assets/halloween/Textures/Candy_Container.png
  artifactKey: Guid(b3cfa0ed52f663e438f0a2c756441721) Importer(815301076,1909f56bfc062723c751e8b465ee728b)
Start importing Assets/halloween/Textures/Candy_Container.png using Guid(b3cfa0ed52f663e438f0a2c756441721) Importer(815301076,1909f56bfc062723c751e8b465ee728b)  -> (artifact id: '43b7396f483145159e972934e5215029') in 0.020488 seconds
Number of updated asset objects reloaded before import = 0
Number of asset objects unloaded after import = 2
========================================================================
Received Import Request.
  Time since last request: 0.000029 seconds.
  path: Assets/halloween/Textures/BrickSmallBrown.jpg
  artifactKey: Guid(543ef3d8f1167fd48b0cbe9614843cae) Importer(815301076,1909f56bfc062723c751e8b465ee728b)
Start importing Assets/halloween/Textures/BrickSmallBrown.jpg using Guid(543ef3d8f1167fd48b0cbe9614843cae) Importer(815301076,1909f56bfc062723c751e8b465ee728b)  -> (artifact id: '62a938181a7c5f2b8e07712f346dacb9') in 0.017767 seconds
Number of updated asset objects reloaded before import = 0
Number of asset objects unloaded after import = 2
========================================================================
Received Import Request.
  Time since last request: 0.000039 seconds.
  path: Assets/halloween/Textures/Pumpkin_03.png
  artifactKey: Guid(3a3667ae21eaf9348a8d09d51736f552) Importer(815301076,1909f56bfc062723c751e8b465ee728b)
Start importing Assets/halloween/Textures/Pumpkin_03.png using Guid(3a3667ae21eaf9348a8d09d51736f552) Importer(815301076,1909f56bfc062723c751e8b465ee728b)  -> (artifact id: 'b0c90bed0d1b35363c5cc51b0c03fb3f') in 0.019936 seconds
Number of updated asset objects reloaded before import = 0
Number of asset objects unloaded after import = 2
========================================================================
Received Import Request.
  Time since last request: 0.000041 seconds.
  path: Assets/halloween/Textures/Candy_Container_02.png
  artifactKey: Guid(f24442d4eb86b9a43b0fe010c532a217) Importer(815301076,1909f56bfc062723c751e8b465ee728b)
Start importing Assets/halloween/Textures/Candy_Container_02.png using Guid(f24442d4eb86b9a43b0fe010c532a217) Importer(815301076,1909f56bfc062723c751e8b465ee728b)  -> (artifact id: '41fee7cb6e4dc8c4ee8b46d3040a7381') in 0.019874 seconds
Number of updated asset objects reloaded before import = 0
Number of asset objects unloaded after import = 2
========================================================================
Received Import Request.
  Time since last request: 28.425861 seconds.
  path: Assets/Settings/HDRP High Fidelity.asset
  artifactKey: Guid(36dd385e759c96147b6463dcd1149c11) Importer(815301076,1909f56bfc062723c751e8b465ee728b)
Start importing Assets/Settings/HDRP High Fidelity.asset using Guid(36dd385e759c96147b6463dcd1149c11) Importer(815301076,1909f56bfc062723c751e8b465ee728b)  -> (artifact id: '4c9e144ae3a383730a41cdcbbb3876b8') in 0.000979 seconds
Number of updated asset objects reloaded before import = 0
Number of asset objects unloaded after import = 0
Editor requested this worker to shutdown with reason: Scaling down because of idle timeout
TcpMessagingSession - receive error: operation aborted. errorcode: 995, details:  /   -       .
AssetImportWorker is now disconnected from the server
Process exiting
Exiting without the bug reporter. Application will terminate with return code 0